This experiment config:
0. dataset2, n_train = 100, n_test = 60
1. branch = mesh of t = 0s 
2. Output = mesh of t_end = 0.2s
3. Network: [*, 128, 128, *], the num of neuron middle layer is 128.


2024-08-07 14:43:55.447874: I tensorflow/core/util/port.cc:113] oneDNN custom operations are on. You may see slightly different numerical results due to floating-point round-off errors from different computation orders. To turn them off, set the environment variable `TF_ENABLE_ONEDNN_OPTS=0`.
2024-08-07 14:43:55.943080: E external/local_xla/xla/stream_executor/cuda/cuda_dnn.cc:9261] Unable to register cuDNN factory: Attempting to register factory for plugin cuDNN when one has already been registered
2024-08-07 14:43:55.943149: E external/local_xla/xla/stream_executor/cuda/cuda_fft.cc:607] Unable to register cuFFT factory: Attempting to register factory for plugin cuFFT when one has already been registered
2024-08-07 14:43:55.944893: E external/local_xla/xla/stream_executor/cuda/cuda_blas.cc:1515] Unable to register cuBLAS factory: Attempting to register factory for plugin cuBLAS when one has already been registered
2024-08-07 14:43:56.041807: I tensorflow/core/platform/cpu_feature_guard.cc:182] This TensorFlow binary is optimized to use available CPU instructions in performance-critical operations.
To enable the following instructions: AVX2 AVX512F AVX512_VNNI AVX512_BF16 FMA, in other operations, rebuild TensorFlow with the appropriate compiler flags.
2024-08-07 14:44:06.048347: W tensorflow/compiler/tf2tensorrt/utils/py_utils.cc:38] TF-TRT Warning: Could not find TensorRT
Using backend: tensorflow.compat.v1
Other supported backends: tensorflow, pytorch, jax, paddle.
paddle supports more examples now and is recommended.
WARNING:tensorflow:From /home/liruixiang/.conda/envs/deeponet/lib/python3.9/site-packages/tensorflow/python/compat/v2_compat.py:108: disable_resource_variables (from tensorflow.python.ops.variable_scope) is deprecated and will be removed in a future version.
Instructions for updating:
non-resource variables are not supported in the long term
Enable just-in-time compilation with XLA.

/home/liruixiang/.conda/envs/deeponet/lib/python3.9/site-packages/deepxde/nn/tensorflow_compat_v1/deeponet.py:549: UserWarning: `tf.layers.dense` is deprecated and will be removed in a future version. Please use `tf.keras.layers.Dense` instead.
  y_func = tf.layers.dense(
/home/liruixiang/.conda/envs/deeponet/lib/python3.9/site-packages/deepxde/nn/tensorflow_compat_v1/deeponet.py:556: UserWarning: `tf.layers.dense` is deprecated and will be removed in a future version. Please use `tf.keras.layers.Dense` instead.
  y_func = tf.layers.dense(
/home/liruixiang/.conda/envs/deeponet/lib/python3.9/site-packages/deepxde/nn/tensorflow_compat_v1/deeponet.py:570: UserWarning: `tf.layers.dense` is deprecated and will be removed in a future version. Please use `tf.keras.layers.Dense` instead.
  y_loc = tf.layers.dense(
Compiling model...
Building DeepONetCartesianProd...
'build' took 0.590631 s

2024-08-07 14:44:23.139655: W tensorflow/core/common_runtime/gpu/gpu_bfc_allocator.cc:47] Overriding orig_value setting because the TF_FORCE_GPU_ALLOW_GROWTH environment variable is set. Original config value was 0.
2024-08-07 14:44:23.140261: I tensorflow/core/common_runtime/gpu/gpu_device.cc:1929] Created device /job:localhost/replica:0/task:0/device:GPU:0 with 17499 MB memory:  -> device: 0, name: NVIDIA GeForce RTX 3090, pci bus id: 0000:02:00.0, compute capability: 8.6
'compile' took 3.491213 s

Compiling model...
Building DeepONetCartesianProd...
'build' took 0.501818 s

2024-08-07 14:44:25.246659: I tensorflow/core/common_runtime/gpu/gpu_device.cc:1929] Created device /job:localhost/replica:0/task:0/device:GPU:0 with 17499 MB memory:  -> device: 0, name: NVIDIA GeForce RTX 3090, pci bus id: 0000:02:00.0, compute capability: 8.6
'compile' took 2.100034 s

2024-08-07 14:44:26.849461: I tensorflow/compiler/mlir/mlir_graph_optimization_pass.cc:388] MLIR V1 optimization pass is not enabled
2024-08-07 14:44:28.844638: I external/local_xla/xla/service/service.cc:168] XLA service 0x7f4664206550 initialized for platform CUDA (this does not guarantee that XLA will be used). Devices:
2024-08-07 14:44:28.844709: I external/local_xla/xla/service/service.cc:176]   StreamExecutor device (0): NVIDIA GeForce RTX 3090, Compute Capability 8.6
2024-08-07 14:44:28.939478: I tensorflow/compiler/mlir/tensorflow/utils/dump_mlir_util.cc:269] disabling MLIR crash reproducer, set env var `MLIR_CRASH_REPRODUCER_DIRECTORY` to enable.
2024-08-07 14:44:29.638741: I external/local_xla/xla/stream_executor/cuda/cuda_dnn.cc:454] Loaded cuDNN version 8902
WARNING: All log messages before absl::InitializeLog() is called are written to STDERR
I0000 00:00:1723013074.648978  206085 device_compiler.h:186] Compiled cluster using XLA!  This line is logged at most once for the lifetime of the process.
Warning: epochs is deprecated and will be removed in a future version. Use iterations instead.
Training model...

Step      Train loss    Test loss     Test metric   
0         [8.00e-01]    [8.22e-01]    [1.19e+00]    
1000      [2.77e-02]    [2.82e-02]    [2.26e-01]    
2000      [1.54e-02]    [1.57e-02]    [1.80e-01]    
3000      [1.60e-02]    [1.63e-02]    [1.84e-01]    
4000      [1.44e-02]    [1.47e-02]    [1.75e-01]    
5000      [1.37e-02]    [1.41e-02]    [1.74e-01]    
6000      [1.36e-02]    [1.39e-02]    [1.73e-01]    
7000      [1.97e-02]    [2.03e-02]    [2.00e-01]    
8000      [1.58e-02]    [1.64e-02]    [1.90e-01]    
9000      [1.20e-02]    [1.25e-02]    [1.69e-01]    
10000     [1.28e-02]    [1.32e-02]    [1.73e-01]    
11000     [1.18e-02]    [1.22e-02]    [1.68e-01]    
12000     [1.15e-02]    [1.19e-02]    [1.68e-01]    
13000     [1.13e-02]    [1.17e-02]    [1.68e-01]    
14000     [1.88e-02]    [1.96e-02]    [2.06e-01]    
15000     [1.08e-02]    [1.12e-02]    [1.64e-01]    
16000     [1.63e-02]    [1.69e-02]    [1.91e-01]    
17000     [1.07e-02]    [1.12e-02]    [1.66e-01]    
18000     [1.01e-02]    [1.06e-02]    [1.60e-01]    
19000     [9.81e-03]    [1.03e-02]    [1.59e-01]    
20000     [9.73e-03]    [1.02e-02]    [1.58e-01]    
21000     [1.02e-02]    [1.06e-02]    [1.61e-01]    
22000     [9.50e-03]    [9.96e-03]    [1.57e-01]    
23000     [9.75e-03]    [1.02e-02]    [1.58e-01]    
24000     [9.25e-03]    [9.70e-03]    [1.55e-01]    
25000     [9.80e-03]    [1.03e-02]    [1.58e-01]    
26000     [9.01e-03]    [9.44e-03]    [1.52e-01]    
27000     [9.45e-03]    [9.87e-03]    [1.54e-01]    
28000     [8.82e-03]    [9.23e-03]    [1.49e-01]    
29000     [8.73e-03]    [9.14e-03]    [1.49e-01]    
30000     [8.59e-03]    [8.98e-03]    [1.46e-01]    
31000     [8.45e-03]    [8.82e-03]    [1.45e-01]    
32000     [8.30e-03]    [8.67e-03]    [1.44e-01]    
33000     [9.20e-03]    [9.56e-03]    [1.49e-01]    
34000     [8.17e-03]    [8.52e-03]    [1.42e-01]    
35000     [8.21e-03]    [8.56e-03]    [1.42e-01]    
36000     [7.78e-03]    [8.11e-03]    [1.38e-01]    
37000     [8.04e-03]    [8.35e-03]    [1.39e-01]    
38000     [7.69e-03]    [8.02e-03]    [1.37e-01]    
39000     [7.43e-03]    [7.73e-03]    [1.34e-01]    
40000     [7.37e-03]    [7.68e-03]    [1.33e-01]    
41000     [7.14e-03]    [7.43e-03]    [1.31e-01]    
42000     [7.07e-03]    [7.36e-03]    [1.30e-01]    
43000     [6.88e-03]    [7.16e-03]    [1.28e-01]    
44000     [6.83e-03]    [7.10e-03]    [1.27e-01]    
45000     [6.90e-03]    [7.15e-03]    [1.27e-01]    
46000     [6.58e-03]    [6.83e-03]    [1.25e-01]    
47000     [6.39e-03]    [6.65e-03]    [1.23e-01]    
48000     [6.45e-03]    [6.69e-03]    [1.23e-01]    
49000     [6.27e-03]    [6.51e-03]    [1.21e-01]    
50000     [6.22e-03]    [6.46e-03]    [1.21e-01]    

Best model at step 50000:
  train loss: 6.22e-03
  test loss: 6.46e-03
  test metric: [1.21e-01]

'train' took 3289.809610 s

Warning: epochs is deprecated and will be removed in a future version. Use iterations instead.
Training model...

Step      Train loss    Test loss     Test metric   
0         [1.45e-01]    [1.48e-01]    [1.77e+00]    
1000      [2.29e-02]    [2.33e-02]    [7.18e-01]    
2000      [1.39e-02]    [1.43e-02]    [6.24e-01]    
3000      [1.01e-02]    [1.05e-02]    [5.73e-01]    
4000      [1.08e-02]    [1.11e-02]    [5.55e-01]    
5000      [1.42e-02]    [1.47e-02]    [6.41e-01]    
6000      [8.72e-03]    [9.04e-03]    [5.15e-01]    
7000      [7.48e-03]    [7.84e-03]    [5.05e-01]    
8000      [7.19e-03]    [7.49e-03]    [4.79e-01]    
9000      [6.58e-03]    [6.91e-03]    [4.74e-01]    
10000     [6.18e-03]    [6.48e-03]    [4.56e-01]    
11000     [6.18e-03]    [6.47e-03]    [4.50e-01]    
12000     [5.70e-03]    [5.99e-03]    [4.32e-01]    
13000     [5.53e-03]    [5.83e-03]    [4.25e-01]    
14000     [5.18e-03]    [5.43e-03]    [4.07e-01]    
15000     [5.58e-03]    [5.84e-03]    [4.11e-01]    
16000     [5.27e-03]    [5.51e-03]    [3.91e-01]    
17000     [4.83e-03]    [5.05e-03]    [3.81e-01]    
18000     [5.02e-03]    [5.25e-03]    [3.81e-01]    
19000     [4.42e-03]    [4.64e-03]    [3.65e-01]    
20000     [4.62e-03]    [4.84e-03]    [3.72e-01]    
21000     [4.19e-03]    [4.41e-03]    [3.58e-01]    
22000     [4.10e-03]    [4.32e-03]    [3.53e-01]    
23000     [4.08e-03]    [4.30e-03]    [3.52e-01]    
24000     [4.00e-03]    [4.21e-03]    [3.48e-01]    
25000     [3.98e-03]    [4.18e-03]    [3.47e-01]    
26000     [3.89e-03]    [4.10e-03]    [3.45e-01]    
27000     [3.86e-03]    [4.07e-03]    [3.44e-01]    
28000     [3.77e-03]    [3.97e-03]    [3.39e-01]    
29000     [3.77e-03]    [3.97e-03]    [3.40e-01]    
30000     [3.79e-03]    [3.98e-03]    [3.40e-01]    
31000     [3.81e-03]    [4.00e-03]    [3.40e-01]    
32000     [3.64e-03]    [3.82e-03]    [3.33e-01]    
33000     [3.71e-03]    [3.90e-03]    [3.36e-01]    
34000     [3.55e-03]    [3.74e-03]    [3.32e-01]    
35000     [3.51e-03]    [3.70e-03]    [3.31e-01]    
36000     [3.48e-03]    [3.66e-03]    [3.28e-01]    
37000     [3.46e-03]    [3.64e-03]    [3.28e-01]    
38000     [3.40e-03]    [3.58e-03]    [3.25e-01]    
39000     [3.63e-03]    [3.81e-03]    [3.34e-01]    
40000     [3.38e-03]    [3.56e-03]    [3.25e-01]    
41000     [3.39e-03]    [3.58e-03]    [3.25e-01]    
42000     [3.59e-03]    [3.78e-03]    [3.32e-01]    
43000     [3.26e-03]    [3.43e-03]    [3.19e-01]    
44000     [3.24e-03]    [3.42e-03]    [3.19e-01]    
45000     [3.22e-03]    [3.40e-03]    [3.18e-01]    
46000     [3.37e-03]    [3.55e-03]    [3.22e-01]    
47000     [3.20e-03]    [3.37e-03]    [3.17e-01]    
48000     [3.33e-03]    [3.50e-03]    [3.21e-01]    
49000     [3.33e-03]    [3.51e-03]    [3.21e-01]    
50000     [3.14e-03]    [3.31e-03]    [3.14e-01]    

Best model at step 50000:
  train loss: 3.14e-03
  test loss: 3.31e-03
  test metric: [3.14e-01]

'train' took 2478.891048 s

