This experiment config:
0. dataset2, n_train = 100, n_test = 60
1. branch = mesh of t = 0s 
2. Output = mesh of t_end = 0.6s
3. Network: [*, 264, 264, *], the num of neuron middle layer is 128.

2024-08-08 09:20:50.249874: I tensorflow/core/util/port.cc:113] oneDNN custom operations are on. You may see slightly different numerical results due to floating-point round-off errors from different computation orders. To turn them off, set the environment variable `TF_ENABLE_ONEDNN_OPTS=0`.
2024-08-08 09:20:50.745154: E external/local_xla/xla/stream_executor/cuda/cuda_dnn.cc:9261] Unable to register cuDNN factory: Attempting to register factory for plugin cuDNN when one has already been registered
2024-08-08 09:20:50.745221: E external/local_xla/xla/stream_executor/cuda/cuda_fft.cc:607] Unable to register cuFFT factory: Attempting to register factory for plugin cuFFT when one has already been registered
2024-08-08 09:20:50.746938: E external/local_xla/xla/stream_executor/cuda/cuda_blas.cc:1515] Unable to register cuBLAS factory: Attempting to register factory for plugin cuBLAS when one has already been registered
2024-08-08 09:20:50.843721: I tensorflow/core/platform/cpu_feature_guard.cc:182] This TensorFlow binary is optimized to use available CPU instructions in performance-critical operations.
To enable the following instructions: AVX2 AVX512F AVX512_VNNI AVX512_BF16 FMA, in other operations, rebuild TensorFlow with the appropriate compiler flags.
2024-08-08 09:21:00.848688: W tensorflow/compiler/tf2tensorrt/utils/py_utils.cc:38] TF-TRT Warning: Could not find TensorRT
Using backend: tensorflow.compat.v1
Other supported backends: tensorflow, pytorch, jax, paddle.
paddle supports more examples now and is recommended.
WARNING:tensorflow:From /home/liruixiang/.conda/envs/deeponet/lib/python3.9/site-packages/tensorflow/python/compat/v2_compat.py:108: disable_resource_variables (from tensorflow.python.ops.variable_scope) is deprecated and will be removed in a future version.
Instructions for updating:
non-resource variables are not supported in the long term
Enable just-in-time compilation with XLA.

/home/liruixiang/.conda/envs/deeponet/lib/python3.9/site-packages/deepxde/nn/tensorflow_compat_v1/deeponet.py:549: UserWarning: `tf.layers.dense` is deprecated and will be removed in a future version. Please use `tf.keras.layers.Dense` instead.
  y_func = tf.layers.dense(
/home/liruixiang/.conda/envs/deeponet/lib/python3.9/site-packages/deepxde/nn/tensorflow_compat_v1/deeponet.py:556: UserWarning: `tf.layers.dense` is deprecated and will be removed in a future version. Please use `tf.keras.layers.Dense` instead.
  y_func = tf.layers.dense(
/home/liruixiang/.conda/envs/deeponet/lib/python3.9/site-packages/deepxde/nn/tensorflow_compat_v1/deeponet.py:570: UserWarning: `tf.layers.dense` is deprecated and will be removed in a future version. Please use `tf.keras.layers.Dense` instead.
  y_loc = tf.layers.dense(
Compiling model...
Building DeepONetCartesianProd...
'build' took 0.596711 s

2024-08-08 09:21:18.445326: W tensorflow/core/common_runtime/gpu/gpu_bfc_allocator.cc:47] Overriding orig_value setting because the TF_FORCE_GPU_ALLOW_GROWTH environment variable is set. Original config value was 0.
2024-08-08 09:21:18.446015: I tensorflow/core/common_runtime/gpu/gpu_device.cc:1929] Created device /job:localhost/replica:0/task:0/device:GPU:0 with 22456 MB memory:  -> device: 0, name: NVIDIA GeForce RTX 3090, pci bus id: 0000:02:00.0, compute capability: 8.6
'compile' took 3.207998 s

Compiling model...
Building DeepONetCartesianProd...
'build' took 0.497668 s

2024-08-08 09:21:20.541038: I tensorflow/core/common_runtime/gpu/gpu_device.cc:1929] Created device /job:localhost/replica:0/task:0/device:GPU:0 with 22456 MB memory:  -> device: 0, name: NVIDIA GeForce RTX 3090, pci bus id: 0000:02:00.0, compute capability: 8.6
'compile' took 2.091925 s

2024-08-08 09:21:22.140659: I tensorflow/compiler/mlir/mlir_graph_optimization_pass.cc:388] MLIR V1 optimization pass is not enabled
2024-08-08 09:21:24.340370: I external/local_xla/xla/service/service.cc:168] XLA service 0x7f4390852350 initialized for platform CUDA (this does not guarantee that XLA will be used). Devices:
2024-08-08 09:21:24.340437: I external/local_xla/xla/service/service.cc:176]   StreamExecutor device (0): NVIDIA GeForce RTX 3090, Compute Capability 8.6
2024-08-08 09:21:24.347297: I tensorflow/compiler/mlir/tensorflow/utils/dump_mlir_util.cc:269] disabling MLIR crash reproducer, set env var `MLIR_CRASH_REPRODUCER_DIRECTORY` to enable.
2024-08-08 09:21:25.042343: I external/local_xla/xla/stream_executor/cuda/cuda_dnn.cc:454] Loaded cuDNN version 8902
WARNING: All log messages before absl::InitializeLog() is called are written to STDERR
I0000 00:00:1723080088.941431  236874 device_compiler.h:186] Compiled cluster using XLA!  This line is logged at most once for the lifetime of the process.
Warning: epochs is deprecated and will be removed in a future version. Use iterations instead.
Training model...

Step      Train loss    Test loss     Test metric   
0         [8.55e-01]    [8.78e-01]    [1.12e+00]    
1000      [5.25e-02]    [5.61e-02]    [3.43e-01]    
2000      [5.43e-02]    [5.80e-02]    [3.46e-01]    
3000      [6.27e-02]    [6.66e-02]    [3.62e-01]    
4000      [5.64e-02]    [6.02e-02]    [3.49e-01]    
5000      [5.20e-02]    [5.57e-02]    [3.39e-01]    
6000      [4.71e-02]    [5.06e-02]    [3.28e-01]    
7000      [4.56e-02]    [4.90e-02]    [3.22e-01]    
8000      [4.30e-02]    [4.60e-02]    [3.10e-01]    
9000      [4.12e-02]    [4.38e-02]    [3.04e-01]    
10000     [4.16e-02]    [4.36e-02]    [3.01e-01]    
11000     [3.66e-02]    [3.81e-02]    [2.87e-01]    
12000     [3.50e-02]    [3.64e-02]    [2.83e-01]    
13000     [3.08e-02]    [3.21e-02]    [2.72e-01]    
14000     [2.73e-02]    [2.87e-02]    [2.61e-01]    
15000     [2.31e-02]    [2.46e-02]    [2.45e-01]    
16000     [2.07e-02]    [2.24e-02]    [2.34e-01]    
17000     [1.92e-02]    [2.09e-02]    [2.25e-01]    
18000     [1.75e-02]    [1.92e-02]    [2.16e-01]    
19000     [1.62e-02]    [1.78e-02]    [2.08e-01]    
20000     [1.54e-02]    [1.68e-02]    [2.03e-01]    
21000     [1.48e-02]    [1.61e-02]    [1.99e-01]    
22000     [1.44e-02]    [1.57e-02]    [1.96e-01]    
23000     [1.41e-02]    [1.52e-02]    [1.92e-01]    
24000     [1.37e-02]    [1.46e-02]    [1.88e-01]    
25000     [1.32e-02]    [1.40e-02]    [1.83e-01]    
26000     [1.27e-02]    [1.34e-02]    [1.77e-01]    
27000     [1.23e-02]    [1.29e-02]    [1.73e-01]    
28000     [1.26e-02]    [1.30e-02]    [1.72e-01]    
29000     [1.19e-02]    [1.22e-02]    [1.67e-01]    
30000     [1.14e-02]    [1.16e-02]    [1.63e-01]    
31000     [1.17e-02]    [1.18e-02]    [1.62e-01]    
32000     [1.09e-02]    [1.09e-02]    [1.57e-01]    
33000     [1.10e-02]    [1.09e-02]    [1.57e-01]    
34000     [1.05e-02]    [1.05e-02]    [1.53e-01]    
35000     [1.03e-02]    [1.02e-02]    [1.50e-01]    
36000     [9.87e-03]    [9.83e-03]    [1.47e-01]    
37000     [9.77e-03]    [9.74e-03]    [1.45e-01]    
38000     [9.46e-03]    [9.48e-03]    [1.43e-01]    
39000     [9.34e-03]    [9.41e-03]    [1.41e-01]    
40000     [9.08e-03]    [9.19e-03]    [1.39e-01]    
41000     [9.26e-03]    [9.42e-03]    [1.40e-01]    
42000     [8.67e-03]    [8.89e-03]    [1.38e-01]    
43000     [8.54e-03]    [8.82e-03]    [1.37e-01]    
44000     [8.36e-03]    [8.65e-03]    [1.36e-01]    
45000     [8.25e-03]    [8.53e-03]    [1.35e-01]    
46000     [8.04e-03]    [8.36e-03]    [1.33e-01]    
47000     [8.05e-03]    [8.34e-03]    [1.33e-01]    
48000     [7.81e-03]    [8.13e-03]    [1.31e-01]    
49000     [7.77e-03]    [8.08e-03]    [1.31e-01]    
50000     [7.64e-03]    [7.94e-03]    [1.29e-01]    

Best model at step 50000:
  train loss: 7.64e-03
  test loss: 7.94e-03
  test metric: [1.29e-01]

'train' took 2962.996252 s

Warning: epochs is deprecated and will be removed in a future version. Use iterations instead.
Training model...

Step      Train loss    Test loss     Test metric   
0         [2.00e-01]    [2.04e-01]    [9.61e-01]    
1000      [7.14e-02]    [7.34e-02]    [7.18e-01]    
2000      [5.27e-02]    [5.49e-02]    [6.51e-01]    
3000      [3.89e-02]    [4.07e-02]    [5.81e-01]    
4000      [3.22e-02]    [3.39e-02]    [5.55e-01]    
5000      [2.64e-02]    [2.81e-02]    [5.28e-01]    
6000      [2.28e-02]    [2.43e-02]    [4.98e-01]    
7000      [2.44e-02]    [2.58e-02]    [4.97e-01]    
8000      [1.88e-02]    [2.00e-02]    [4.51e-01]    
9000      [1.67e-02]    [1.78e-02]    [4.27e-01]    
10000     [1.51e-02]    [1.61e-02]    [4.02e-01]    
11000     [1.28e-02]    [1.37e-02]    [3.71e-01]    
12000     [1.17e-02]    [1.25e-02]    [3.54e-01]    
13000     [1.12e-02]    [1.20e-02]    [3.44e-01]    
14000     [9.98e-03]    [1.07e-02]    [3.26e-01]    
15000     [9.51e-03]    [1.02e-02]    [3.18e-01]    
16000     [8.98e-03]    [9.63e-03]    [3.06e-01]    
17000     [8.56e-03]    [9.15e-03]    [2.96e-01]    
18000     [9.92e-03]    [1.05e-02]    [3.03e-01]    
19000     [7.80e-03]    [8.28e-03]    [2.80e-01]    
20000     [8.06e-03]    [8.50e-03]    [2.79e-01]    
21000     [7.23e-03]    [7.63e-03]    [2.68e-01]    
22000     [7.03e-03]    [7.38e-03]    [2.63e-01]    
23000     [6.76e-03]    [7.07e-03]    [2.58e-01]    
24000     [6.61e-03]    [6.90e-03]    [2.54e-01]    
25000     [6.50e-03]    [6.76e-03]    [2.51e-01]    
26000     [6.14e-03]    [6.38e-03]    [2.45e-01]    
27000     [6.14e-03]    [6.36e-03]    [2.43e-01]    
28000     [5.80e-03]    [6.00e-03]    [2.38e-01]    
29000     [5.64e-03]    [5.82e-03]    [2.35e-01]    
30000     [5.56e-03]    [5.74e-03]    [2.33e-01]    
31000     [5.32e-03]    [5.49e-03]    [2.29e-01]    
32000     [5.45e-03]    [5.62e-03]    [2.31e-01]    
33000     [5.10e-03]    [5.24e-03]    [2.26e-01]    
34000     [5.23e-03]    [5.39e-03]    [2.27e-01]    
35000     [4.87e-03]    [5.02e-03]    [2.22e-01]    
36000     [4.59e-03]    [4.73e-03]    [2.17e-01]    
37000     [4.62e-03]    [4.76e-03]    [2.16e-01]    
38000     [4.35e-03]    [4.48e-03]    [2.13e-01]    
39000     [4.27e-03]    [4.40e-03]    [2.11e-01]    
40000     [4.27e-03]    [4.39e-03]    [2.10e-01]    
41000     [4.17e-03]    [4.29e-03]    [2.07e-01]    
42000     [4.76e-03]    [4.88e-03]    [2.15e-01]    
43000     [4.03e-03]    [4.13e-03]    [2.04e-01]    
44000     [4.13e-03]    [4.24e-03]    [2.05e-01]    
45000     [3.85e-03]    [3.95e-03]    [2.00e-01]    
46000     [3.77e-03]    [3.87e-03]    [1.99e-01]    
47000     [3.69e-03]    [3.78e-03]    [1.96e-01]    
48000     [3.65e-03]    [3.74e-03]    [1.95e-01]    
49000     [3.54e-03]    [3.63e-03]    [1.93e-01]    
50000     [3.57e-03]    [3.66e-03]    [1.93e-01]    

Best model at step 49000:
  train loss: 3.54e-03
  test loss: 3.63e-03
  test metric: [1.93e-01]

'train' took 2913.404262 s

2024-08-08 10:59:18.444780: W tensorflow/c/c_api.cc:305] Operation '{name:'Variable_2/Adam_1/Assign' id:659 op device:{requested: '', assigned: ''} def:{{{node Variable_2/Adam_1/Assign}} = Assign[T=DT_FLOAT, _class=["loc:@Variable_2"], _has_manual_control_dependencies=true, use_locking=true, validate_shape=true](Variable_2/Adam_1, Variable_2/Adam_1/Initializer/zeros)}}' was changed by setting attribute after it was run by a session. This mutation will have no effect, and will trigger an error in the future. Either don't modify nodes after running them or create a new session.
