This experiment config:
0. dataset2, n_train = 100, n_test = 60
1. branch = mesh of t = 0s 
2. Output = mesh of t_end = 0.1s
3. Network: [*, 128, 128, *], the num of neuron middle layer is 128.

2024-08-07 10:05:08.648363: I tensorflow/core/util/port.cc:113] oneDNN custom operations are on. You may see slightly different numerical results due to floating-point round-off errors from different computation orders. To turn them off, set the environment variable `TF_ENABLE_ONEDNN_OPTS=0`.
2024-08-07 10:05:09.144322: E external/local_xla/xla/stream_executor/cuda/cuda_dnn.cc:9261] Unable to register cuDNN factory: Attempting to register factory for plugin cuDNN when one has already been registered
2024-08-07 10:05:09.144406: E external/local_xla/xla/stream_executor/cuda/cuda_fft.cc:607] Unable to register cuFFT factory: Attempting to register factory for plugin cuFFT when one has already been registered
2024-08-07 10:05:09.146174: E external/local_xla/xla/stream_executor/cuda/cuda_blas.cc:1515] Unable to register cuBLAS factory: Attempting to register factory for plugin cuBLAS when one has already been registered
2024-08-07 10:05:09.243225: I tensorflow/core/platform/cpu_feature_guard.cc:182] This TensorFlow binary is optimized to use available CPU instructions in performance-critical operations.
To enable the following instructions: AVX2 AVX512F AVX512_VNNI AVX512_BF16 FMA, in other operations, rebuild TensorFlow with the appropriate compiler flags.
2024-08-07 10:05:19.449556: W tensorflow/compiler/tf2tensorrt/utils/py_utils.cc:38] TF-TRT Warning: Could not find TensorRT
Using backend: tensorflow.compat.v1
Other supported backends: tensorflow, pytorch, jax, paddle.
paddle supports more examples now and is recommended.
WARNING:tensorflow:From /home/liruixiang/.conda/envs/deeponet/lib/python3.9/site-packages/tensorflow/python/compat/v2_compat.py:108: disable_resource_variables (from tensorflow.python.ops.variable_scope) is deprecated and will be removed in a future version.
Instructions for updating:
non-resource variables are not supported in the long term
Enable just-in-time compilation with XLA.

/home/liruixiang/.conda/envs/deeponet/lib/python3.9/site-packages/deepxde/nn/tensorflow_compat_v1/deeponet.py:549: UserWarning: `tf.layers.dense` is deprecated and will be removed in a future version. Please use `tf.keras.layers.Dense` instead.
  y_func = tf.layers.dense(
/home/liruixiang/.conda/envs/deeponet/lib/python3.9/site-packages/deepxde/nn/tensorflow_compat_v1/deeponet.py:556: UserWarning: `tf.layers.dense` is deprecated and will be removed in a future version. Please use `tf.keras.layers.Dense` instead.
  y_func = tf.layers.dense(
/home/liruixiang/.conda/envs/deeponet/lib/python3.9/site-packages/deepxde/nn/tensorflow_compat_v1/deeponet.py:570: UserWarning: `tf.layers.dense` is deprecated and will be removed in a future version. Please use `tf.keras.layers.Dense` instead.
  y_loc = tf.layers.dense(
Compiling model...
Building DeepONetCartesianProd...
'build' took 0.597661 s

2024-08-07 10:05:37.639790: W tensorflow/core/common_runtime/gpu/gpu_bfc_allocator.cc:47] Overriding orig_value setting because the TF_FORCE_GPU_ALLOW_GROWTH environment variable is set. Original config value was 0.
2024-08-07 10:05:37.640394: I tensorflow/core/common_runtime/gpu/gpu_device.cc:1929] Created device /job:localhost/replica:0/task:0/device:GPU:0 with 17499 MB memory:  -> device: 0, name: NVIDIA GeForce RTX 3090, pci bus id: 0000:02:00.0, compute capability: 8.6
'compile' took 3.503128 s

Compiling model...
Building DeepONetCartesianProd...
'build' took 0.500463 s

2024-08-07 10:05:39.740650: I tensorflow/core/common_runtime/gpu/gpu_device.cc:1929] Created device /job:localhost/replica:0/task:0/device:GPU:0 with 17499 MB memory:  -> device: 0, name: NVIDIA GeForce RTX 3090, pci bus id: 0000:02:00.0, compute capability: 8.6
'compile' took 2.094217 s

2024-08-07 10:05:41.249812: I tensorflow/compiler/mlir/mlir_graph_optimization_pass.cc:388] MLIR V1 optimization pass is not enabled
2024-08-07 10:05:43.538525: I external/local_xla/xla/service/service.cc:168] XLA service 0x7f70442064a0 initialized for platform CUDA (this does not guarantee that XLA will be used). Devices:
2024-08-07 10:05:43.538589: I external/local_xla/xla/service/service.cc:176]   StreamExecutor device (0): NVIDIA GeForce RTX 3090, Compute Capability 8.6
2024-08-07 10:05:43.545386: I tensorflow/compiler/mlir/tensorflow/utils/dump_mlir_util.cc:269] disabling MLIR crash reproducer, set env var `MLIR_CRASH_REPRODUCER_DIRECTORY` to enable.
2024-08-07 10:05:44.241690: I external/local_xla/xla/stream_executor/cuda/cuda_dnn.cc:454] Loaded cuDNN version 8902
WARNING: All log messages before absl::InitializeLog() is called are written to STDERR
I0000 00:00:1722996349.047769  192792 device_compiler.h:186] Compiled cluster using XLA!  This line is logged at most once for the lifetime of the process.
Warning: epochs is deprecated and will be removed in a future version. Use iterations instead.
Training model...

Step      Train loss    Test loss     Test metric   
0         [5.44e-01]    [5.59e-01]    [1.02e+00]    
1000      [9.07e-03]    [9.20e-03]    [1.26e-01]    
2000      [9.24e-03]    [9.42e-03]    [1.29e-01]    
3000      [9.43e-03]    [9.61e-03]    [1.34e-01]    
4000      [9.16e-03]    [9.34e-03]    [1.33e-01]    
5000      [2.29e-02]    [2.36e-02]    [2.14e-01]    
6000      [6.12e-03]    [6.28e-03]    [1.13e-01]    
7000      [1.17e-02]    [1.20e-02]    [1.55e-01]    
8000      [4.65e-03]    [4.76e-03]    [1.01e-01]    
9000      [4.56e-03]    [4.67e-03]    [1.00e-01]    
10000     [4.34e-03]    [4.45e-03]    [9.81e-02]    
11000     [4.43e-03]    [4.55e-03]    [9.90e-02]    
12000     [1.11e-02]    [1.14e-02]    [1.53e-01]    
13000     [4.37e-03]    [4.49e-03]    [9.94e-02]    
14000     [4.59e-03]    [4.70e-03]    [1.01e-01]    
15000     [4.19e-03]    [4.31e-03]    [9.76e-02]    
16000     [4.06e-03]    [4.17e-03]    [9.56e-02]    
17000     [4.09e-03]    [4.20e-03]    [9.63e-02]    
18000     [4.00e-03]    [4.12e-03]    [9.57e-02]    
19000     [4.83e-03]    [4.97e-03]    [1.04e-01]    
20000     [3.99e-03]    [4.10e-03]    [9.49e-02]    
21000     [4.45e-03]    [4.57e-03]    [1.01e-01]    
22000     [3.87e-03]    [3.98e-03]    [9.42e-02]    
23000     [3.89e-03]    [4.01e-03]    [9.46e-02]    
24000     [3.84e-03]    [3.96e-03]    [9.41e-02]    
25000     [4.74e-03]    [4.88e-03]    [1.04e-01]    
26000     [8.29e-03]    [8.51e-03]    [1.29e-01]    
27000     [4.29e-03]    [4.42e-03]    [9.76e-02]    
28000     [3.60e-03]    [3.71e-03]    [9.21e-02]    
29000     [3.54e-03]    [3.66e-03]    [9.17e-02]    
30000     [3.55e-03]    [3.67e-03]    [9.24e-02]    
31000     [3.54e-03]    [3.65e-03]    [9.12e-02]    
32000     [3.43e-03]    [3.54e-03]    [9.11e-02]    
33000     [3.54e-03]    [3.65e-03]    [9.17e-02]    
34000     [3.47e-03]    [3.59e-03]    [9.15e-02]    
35000     [4.82e-03]    [4.96e-03]    [1.04e-01]    
36000     [3.43e-03]    [3.55e-03]    [9.22e-02]    
37000     [3.40e-03]    [3.51e-03]    [9.08e-02]    
38000     [3.55e-03]    [3.66e-03]    [9.19e-02]    
39000     [3.38e-03]    [3.50e-03]    [9.15e-02]    
40000     [3.27e-03]    [3.38e-03]    [9.00e-02]    
41000     [3.25e-03]    [3.35e-03]    [8.96e-02]    
42000     [3.26e-03]    [3.36e-03]    [8.95e-02]    
43000     [3.28e-03]    [3.38e-03]    [9.03e-02]    
44000     [3.20e-03]    [3.30e-03]    [8.92e-02]    
45000     [3.15e-03]    [3.26e-03]    [8.85e-02]    
46000     [3.33e-03]    [3.44e-03]    [9.02e-02]    
47000     [3.15e-03]    [3.25e-03]    [8.89e-02]    
48000     [3.27e-03]    [3.37e-03]    [8.94e-02]    
49000     [3.15e-03]    [3.26e-03]    [8.91e-02]    
50000     [3.17e-03]    [3.28e-03]    [8.92e-02]    

Best model at step 47000:
  train loss: 3.15e-03
  test loss: 3.25e-03
  test metric: [8.89e-02]

'train' took 3780.299692 s

Warning: epochs is deprecated and will be removed in a future version. Use iterations instead.
Training model...

Step      Train loss    Test loss     Test metric   
0         [1.40e-01]    [1.43e-01]    [2.88e+00]    
1000      [1.28e-02]    [1.29e-02]    [7.36e-01]    
2000      [1.05e-02]    [1.07e-02]    [7.03e-01]    
3000      [8.96e-03]    [9.12e-03]    [6.71e-01]    
4000      [8.89e-03]    [9.04e-03]    [6.82e-01]    
5000      [8.43e-03]    [8.59e-03]    [6.78e-01]    
6000      [7.02e-03]    [7.16e-03]    [6.28e-01]    
7000      [5.96e-03]    [6.09e-03]    [5.89e-01]    
8000      [3.40e-03]    [3.49e-03]    [4.92e-01]    
9000      [3.17e-03]    [3.26e-03]    [4.83e-01]    
10000     [3.05e-03]    [3.15e-03]    [4.81e-01]    
11000     [3.05e-03]    [3.14e-03]    [4.74e-01]    
12000     [2.84e-03]    [2.93e-03]    [4.59e-01]    
13000     [2.74e-03]    [2.82e-03]    [4.47e-01]    
14000     [2.68e-03]    [2.76e-03]    [4.36e-01]    
15000     [2.63e-03]    [2.71e-03]    [4.29e-01]    
16000     [2.61e-03]    [2.69e-03]    [4.21e-01]    
17000     [2.65e-03]    [2.73e-03]    [4.20e-01]    
18000     [2.56e-03]    [2.63e-03]    [4.11e-01]    
19000     [2.48e-03]    [2.55e-03]    [4.01e-01]    
20000     [2.54e-03]    [2.62e-03]    [4.03e-01]    
21000     [2.54e-03]    [2.60e-03]    [3.97e-01]    
22000     [2.69e-03]    [2.75e-03]    [4.05e-01]    
23000     [2.36e-03]    [2.43e-03]    [3.83e-01]    
24000     [2.55e-03]    [2.61e-03]    [3.92e-01]    
25000     [2.36e-03]    [2.42e-03]    [3.78e-01]    
26000     [2.30e-03]    [2.36e-03]    [3.73e-01]    
27000     [2.37e-03]    [2.42e-03]    [3.77e-01]    
28000     [2.28e-03]    [2.33e-03]    [3.71e-01]    
29000     [2.29e-03]    [2.33e-03]    [3.69e-01]    
30000     [2.26e-03]    [2.31e-03]    [3.67e-01]    
31000     [2.30e-03]    [2.35e-03]    [3.71e-01]    
32000     [2.25e-03]    [2.29e-03]    [3.65e-01]    
33000     [2.21e-03]    [2.26e-03]    [3.64e-01]    
34000     [2.21e-03]    [2.25e-03]    [3.63e-01]    
35000     [2.17e-03]    [2.22e-03]    [3.59e-01]    
36000     [2.20e-03]    [2.25e-03]    [3.59e-01]    
37000     [2.18e-03]    [2.22e-03]    [3.55e-01]    
38000     [2.14e-03]    [2.19e-03]    [3.54e-01]    
39000     [2.12e-03]    [2.17e-03]    [3.51e-01]    
40000     [2.14e-03]    [2.19e-03]    [3.53e-01]    
41000     [2.09e-03]    [2.14e-03]    [3.50e-01]    
42000     [2.13e-03]    [2.17e-03]    [3.51e-01]    
43000     [2.07e-03]    [2.12e-03]    [3.47e-01]    
44000     [2.07e-03]    [2.12e-03]    [3.47e-01]    
45000     [2.08e-03]    [2.13e-03]    [3.48e-01]    
46000     [2.01e-03]    [2.06e-03]    [3.43e-01]    
47000     [2.05e-03]    [2.10e-03]    [3.44e-01]    
48000     [2.02e-03]    [2.07e-03]    [3.44e-01]    
49000     [2.00e-03]    [2.05e-03]    [3.43e-01]    
50000     [1.96e-03]    [2.01e-03]    [3.40e-01]    

Best model at step 50000:
  train loss: 1.96e-03
  test loss: 2.01e-03
  test metric: [3.40e-01]

'train' took 3423.099410 s

2024-08-07 12:05:44.640929: W tensorflow/c/c_api.cc:305] Operation '{name:'Variable_2/Adam_1/Assign' id:659 op device:{requested: '', assigned: ''} def:{{{node Variable_2/Adam_1/Assign}} = Assign[T=DT_FLOAT, _class=["loc:@Variable_2"], _has_manual_control_dependencies=true, use_locking=true, validate_shape=true](Variable_2/Adam_1, Variable_2/Adam_1/Initializer/zeros)}}' was changed by setting attribute after it was run by a session. This mutation will have no effect, and will trigger an error in the future. Either don't modify nodes after running them or create a new session.
