This experiment config:
0. dataset2, n_train = 100, n_test = 60
1. branch = mesh of t = 0s and t = 0.1s
2. Output = mesh of t_end = 0.2s
3. Network: [*, 264, 264, *], the num of neuron middle layer is 256.


2024-08-09 11:47:44.747896: I tensorflow/core/util/port.cc:113] oneDNN custom operations are on. You may see slightly different numerical results due to floating-point round-off errors from different computation orders. To turn them off, set the environment variable `TF_ENABLE_ONEDNN_OPTS=0`.
2024-08-09 11:47:45.243400: E external/local_xla/xla/stream_executor/cuda/cuda_dnn.cc:9261] Unable to register cuDNN factory: Attempting to register factory for plugin cuDNN when one has already been registered
2024-08-09 11:47:45.243466: E external/local_xla/xla/stream_executor/cuda/cuda_fft.cc:607] Unable to register cuFFT factory: Attempting to register factory for plugin cuFFT when one has already been registered
2024-08-09 11:47:45.245230: E external/local_xla/xla/stream_executor/cuda/cuda_blas.cc:1515] Unable to register cuBLAS factory: Attempting to register factory for plugin cuBLAS when one has already been registered
2024-08-09 11:47:45.341853: I tensorflow/core/platform/cpu_feature_guard.cc:182] This TensorFlow binary is optimized to use available CPU instructions in performance-critical operations.
To enable the following instructions: AVX2 AVX512F AVX512_VNNI AVX512_BF16 FMA, in other operations, rebuild TensorFlow with the appropriate compiler flags.
2024-08-09 11:47:55.349138: W tensorflow/compiler/tf2tensorrt/utils/py_utils.cc:38] TF-TRT Warning: Could not find TensorRT
Using backend: tensorflow.compat.v1
Other supported backends: tensorflow, pytorch, jax, paddle.
paddle supports more examples now and is recommended.
WARNING:tensorflow:From /home/liruixiang/.conda/envs/deeponet/lib/python3.9/site-packages/tensorflow/python/compat/v2_compat.py:108: disable_resource_variables (from tensorflow.python.ops.variable_scope) is deprecated and will be removed in a future version.
Instructions for updating:
non-resource variables are not supported in the long term
Enable just-in-time compilation with XLA.

/home/liruixiang/.conda/envs/deeponet/lib/python3.9/site-packages/deepxde/nn/tensorflow_compat_v1/deeponet.py:549: UserWarning: `tf.layers.dense` is deprecated and will be removed in a future version. Please use `tf.keras.layers.Dense` instead.
  y_func = tf.layers.dense(
/home/liruixiang/.conda/envs/deeponet/lib/python3.9/site-packages/deepxde/nn/tensorflow_compat_v1/deeponet.py:556: UserWarning: `tf.layers.dense` is deprecated and will be removed in a future version. Please use `tf.keras.layers.Dense` instead.
  y_func = tf.layers.dense(
/home/liruixiang/.conda/envs/deeponet/lib/python3.9/site-packages/deepxde/nn/tensorflow_compat_v1/deeponet.py:570: UserWarning: `tf.layers.dense` is deprecated and will be removed in a future version. Please use `tf.keras.layers.Dense` instead.
  y_loc = tf.layers.dense(
Compiling model...
Building DeepONetCartesianProd...
'build' took 0.506652 s

2024-08-09 11:48:10.544290: W tensorflow/core/common_runtime/gpu/gpu_bfc_allocator.cc:47] Overriding orig_value setting because the TF_FORCE_GPU_ALLOW_GROWTH environment variable is set. Original config value was 0.
2024-08-09 11:48:10.544925: I tensorflow/core/common_runtime/gpu/gpu_device.cc:1929] Created device /job:localhost/replica:0/task:0/device:GPU:0 with 22456 MB memory:  -> device: 0, name: NVIDIA GeForce RTX 3090, pci bus id: 0000:02:00.0, compute capability: 8.6
'compile' took 3.404197 s

Compiling model...
Building DeepONetCartesianProd...
'build' took 0.500345 s

2024-08-09 11:48:12.647981: I tensorflow/core/common_runtime/gpu/gpu_device.cc:1929] Created device /job:localhost/replica:0/task:0/device:GPU:0 with 22456 MB memory:  -> device: 0, name: NVIDIA GeForce RTX 3090, pci bus id: 0000:02:00.0, compute capability: 8.6
'compile' took 2.005108 s

2024-08-09 11:48:14.246703: I tensorflow/compiler/mlir/mlir_graph_optimization_pass.cc:388] MLIR V1 optimization pass is not enabled
Warning: epochs is deprecated and will be removed in a future version. Use iterations instead.
Training model...

Traceback (most recent call last):
  File "/root/autodl-tmp/liruixiang/DeepONet/NeuralOperator/deeponet.py", line 123, in <module>
    main()
  File "/root/autodl-tmp/liruixiang/DeepONet/NeuralOperator/deeponet.py", line 98, in main
    losshistory_vx, train_state_vx = model_vx.train(epochs=50000, batch_size=None)
  File "/home/liruixiang/.conda/envs/deeponet/lib/python3.9/site-packages/deepxde/utils/internal.py", line 22, in wrapper
    result = f(*args, **kwargs)
  File "/home/liruixiang/.conda/envs/deeponet/lib/python3.9/site-packages/deepxde/model.py", line 636, in train
    self._test()
  File "/home/liruixiang/.conda/envs/deeponet/lib/python3.9/site-packages/deepxde/model.py", line 825, in _test
    ) = self._outputs_losses(
  File "/home/liruixiang/.conda/envs/deeponet/lib/python3.9/site-packages/deepxde/model.py", line 541, in _outputs_losses
    return self.sess.run(outputs_losses, feed_dict=feed_dict)
  File "/home/liruixiang/.conda/envs/deeponet/lib/python3.9/site-packages/tensorflow/python/client/session.py", line 972, in run
    result = self._run(None, fetches, feed_dict, options_ptr,
  File "/home/liruixiang/.conda/envs/deeponet/lib/python3.9/site-packages/tensorflow/python/client/session.py", line 1189, in _run
    raise ValueError(
ValueError: Cannot feed value of shape (100, 12800) for Tensor Placeholder_4:0, which has shape (None, 25600)
2024-08-09 11:49:19.845017: I tensorflow/core/util/port.cc:113] oneDNN custom operations are on. You may see slightly different numerical results due to floating-point round-off errors from different computation orders. To turn them off, set the environment variable `TF_ENABLE_ONEDNN_OPTS=0`.
2024-08-09 11:49:20.339495: E external/local_xla/xla/stream_executor/cuda/cuda_dnn.cc:9261] Unable to register cuDNN factory: Attempting to register factory for plugin cuDNN when one has already been registered
2024-08-09 11:49:20.339553: E external/local_xla/xla/stream_executor/cuda/cuda_fft.cc:607] Unable to register cuFFT factory: Attempting to register factory for plugin cuFFT when one has already been registered
2024-08-09 11:49:20.341211: E external/local_xla/xla/stream_executor/cuda/cuda_blas.cc:1515] Unable to register cuBLAS factory: Attempting to register factory for plugin cuBLAS when one has already been registered
2024-08-09 11:49:20.349818: I tensorflow/core/platform/cpu_feature_guard.cc:182] This TensorFlow binary is optimized to use available CPU instructions in performance-critical operations.
To enable the following instructions: AVX2 AVX512F AVX512_VNNI AVX512_BF16 FMA, in other operations, rebuild TensorFlow with the appropriate compiler flags.
2024-08-09 11:49:30.348864: W tensorflow/compiler/tf2tensorrt/utils/py_utils.cc:38] TF-TRT Warning: Could not find TensorRT
Using backend: tensorflow.compat.v1
Other supported backends: tensorflow, pytorch, jax, paddle.
paddle supports more examples now and is recommended.
WARNING:tensorflow:From /home/liruixiang/.conda/envs/deeponet/lib/python3.9/site-packages/tensorflow/python/compat/v2_compat.py:108: disable_resource_variables (from tensorflow.python.ops.variable_scope) is deprecated and will be removed in a future version.
Instructions for updating:
non-resource variables are not supported in the long term
Enable just-in-time compilation with XLA.

/home/liruixiang/.conda/envs/deeponet/lib/python3.9/site-packages/deepxde/nn/tensorflow_compat_v1/deeponet.py:549: UserWarning: `tf.layers.dense` is deprecated and will be removed in a future version. Please use `tf.keras.layers.Dense` instead.
  y_func = tf.layers.dense(
/home/liruixiang/.conda/envs/deeponet/lib/python3.9/site-packages/deepxde/nn/tensorflow_compat_v1/deeponet.py:556: UserWarning: `tf.layers.dense` is deprecated and will be removed in a future version. Please use `tf.keras.layers.Dense` instead.
  y_func = tf.layers.dense(
/home/liruixiang/.conda/envs/deeponet/lib/python3.9/site-packages/deepxde/nn/tensorflow_compat_v1/deeponet.py:570: UserWarning: `tf.layers.dense` is deprecated and will be removed in a future version. Please use `tf.keras.layers.Dense` instead.
  y_loc = tf.layers.dense(
Compiling model...
Building DeepONetCartesianProd...
'build' took 0.507575 s

2024-08-09 11:49:45.739589: W tensorflow/core/common_runtime/gpu/gpu_bfc_allocator.cc:47] Overriding orig_value setting because the TF_FORCE_GPU_ALLOW_GROWTH environment variable is set. Original config value was 0.
2024-08-09 11:49:45.740194: I tensorflow/core/common_runtime/gpu/gpu_device.cc:1929] Created device /job:localhost/replica:0/task:0/device:GPU:0 with 22456 MB memory:  -> device: 0, name: NVIDIA GeForce RTX 3090, pci bus id: 0000:02:00.0, compute capability: 8.6
'compile' took 3.407775 s

Compiling model...
Building DeepONetCartesianProd...
'build' took 0.501047 s

2024-08-09 11:49:47.840762: I tensorflow/core/common_runtime/gpu/gpu_device.cc:1929] Created device /job:localhost/replica:0/task:0/device:GPU:0 with 22456 MB memory:  -> device: 0, name: NVIDIA GeForce RTX 3090, pci bus id: 0000:02:00.0, compute capability: 8.6
'compile' took 2.094488 s

2024-08-09 11:49:49.439720: I tensorflow/compiler/mlir/mlir_graph_optimization_pass.cc:388] MLIR V1 optimization pass is not enabled
Warning: epochs is deprecated and will be removed in a future version. Use iterations instead.
Training model...

Traceback (most recent call last):
  File "/root/autodl-tmp/liruixiang/DeepONet/NeuralOperator/deeponet.py", line 123, in <module>
    main()
  File "/root/autodl-tmp/liruixiang/DeepONet/NeuralOperator/deeponet.py", line 98, in main
    losshistory_vx, train_state_vx = model_vx.train(epochs=50000, batch_size=None)
  File "/home/liruixiang/.conda/envs/deeponet/lib/python3.9/site-packages/deepxde/utils/internal.py", line 22, in wrapper
    result = f(*args, **kwargs)
  File "/home/liruixiang/.conda/envs/deeponet/lib/python3.9/site-packages/deepxde/model.py", line 636, in train
    self._test()
  File "/home/liruixiang/.conda/envs/deeponet/lib/python3.9/site-packages/deepxde/model.py", line 825, in _test
    ) = self._outputs_losses(
  File "/home/liruixiang/.conda/envs/deeponet/lib/python3.9/site-packages/deepxde/model.py", line 541, in _outputs_losses
    return self.sess.run(outputs_losses, feed_dict=feed_dict)
  File "/home/liruixiang/.conda/envs/deeponet/lib/python3.9/site-packages/tensorflow/python/client/session.py", line 972, in run
    result = self._run(None, fetches, feed_dict, options_ptr,
  File "/home/liruixiang/.conda/envs/deeponet/lib/python3.9/site-packages/tensorflow/python/client/session.py", line 1189, in _run
    raise ValueError(
ValueError: Cannot feed value of shape (100, 12800) for Tensor Placeholder_4:0, which has shape (None, 25600)
2024-08-09 11:51:29.943694: I tensorflow/core/util/port.cc:113] oneDNN custom operations are on. You may see slightly different numerical results due to floating-point round-off errors from different computation orders. To turn them off, set the environment variable `TF_ENABLE_ONEDNN_OPTS=0`.
2024-08-09 11:51:30.345596: E external/local_xla/xla/stream_executor/cuda/cuda_dnn.cc:9261] Unable to register cuDNN factory: Attempting to register factory for plugin cuDNN when one has already been registered
2024-08-09 11:51:30.345673: E external/local_xla/xla/stream_executor/cuda/cuda_fft.cc:607] Unable to register cuFFT factory: Attempting to register factory for plugin cuFFT when one has already been registered
2024-08-09 11:51:30.347435: E external/local_xla/xla/stream_executor/cuda/cuda_blas.cc:1515] Unable to register cuBLAS factory: Attempting to register factory for plugin cuBLAS when one has already been registered
2024-08-09 11:51:30.444382: I tensorflow/core/platform/cpu_feature_guard.cc:182] This TensorFlow binary is optimized to use available CPU instructions in performance-critical operations.
To enable the following instructions: AVX2 AVX512F AVX512_VNNI AVX512_BF16 FMA, in other operations, rebuild TensorFlow with the appropriate compiler flags.
2024-08-09 11:51:40.542626: W tensorflow/compiler/tf2tensorrt/utils/py_utils.cc:38] TF-TRT Warning: Could not find TensorRT
Using backend: tensorflow.compat.v1
Other supported backends: tensorflow, pytorch, jax, paddle.
paddle supports more examples now and is recommended.
WARNING:tensorflow:From /home/liruixiang/.conda/envs/deeponet/lib/python3.9/site-packages/tensorflow/python/compat/v2_compat.py:108: disable_resource_variables (from tensorflow.python.ops.variable_scope) is deprecated and will be removed in a future version.
Instructions for updating:
non-resource variables are not supported in the long term
Enable just-in-time compilation with XLA.

/home/liruixiang/.conda/envs/deeponet/lib/python3.9/site-packages/deepxde/nn/tensorflow_compat_v1/deeponet.py:549: UserWarning: `tf.layers.dense` is deprecated and will be removed in a future version. Please use `tf.keras.layers.Dense` instead.
  y_func = tf.layers.dense(
/home/liruixiang/.conda/envs/deeponet/lib/python3.9/site-packages/deepxde/nn/tensorflow_compat_v1/deeponet.py:556: UserWarning: `tf.layers.dense` is deprecated and will be removed in a future version. Please use `tf.keras.layers.Dense` instead.
  y_func = tf.layers.dense(
/home/liruixiang/.conda/envs/deeponet/lib/python3.9/site-packages/deepxde/nn/tensorflow_compat_v1/deeponet.py:570: UserWarning: `tf.layers.dense` is deprecated and will be removed in a future version. Please use `tf.keras.layers.Dense` instead.
  y_loc = tf.layers.dense(
Compiling model...
Building DeepONetCartesianProd...
'build' took 0.595702 s

2024-08-09 11:51:56.044214: W tensorflow/core/common_runtime/gpu/gpu_bfc_allocator.cc:47] Overriding orig_value setting because the TF_FORCE_GPU_ALLOW_GROWTH environment variable is set. Original config value was 0.
2024-08-09 11:51:56.044848: I tensorflow/core/common_runtime/gpu/gpu_device.cc:1929] Created device /job:localhost/replica:0/task:0/device:GPU:0 with 22456 MB memory:  -> device: 0, name: NVIDIA GeForce RTX 3090, pci bus id: 0000:02:00.0, compute capability: 8.6
'compile' took 3.591961 s

Compiling model...
Building DeepONetCartesianProd...
'build' took 0.502423 s

2024-08-09 11:51:58.246457: I tensorflow/core/common_runtime/gpu/gpu_device.cc:1929] Created device /job:localhost/replica:0/task:0/device:GPU:0 with 22456 MB memory:  -> device: 0, name: NVIDIA GeForce RTX 3090, pci bus id: 0000:02:00.0, compute capability: 8.6
'compile' took 2.099350 s

2024-08-09 11:51:59.849024: I tensorflow/compiler/mlir/mlir_graph_optimization_pass.cc:388] MLIR V1 optimization pass is not enabled
2024-08-09 11:52:02.847441: I external/local_xla/xla/service/service.cc:168] XLA service 0x7f66ec0041a0 initialized for platform CUDA (this does not guarantee that XLA will be used). Devices:
2024-08-09 11:52:02.847513: I external/local_xla/xla/service/service.cc:176]   StreamExecutor device (0): NVIDIA GeForce RTX 3090, Compute Capability 8.6
2024-08-09 11:52:02.942360: I tensorflow/compiler/mlir/tensorflow/utils/dump_mlir_util.cc:269] disabling MLIR crash reproducer, set env var `MLIR_CRASH_REPRODUCER_DIRECTORY` to enable.
2024-08-09 11:52:03.445758: I external/local_xla/xla/stream_executor/cuda/cuda_dnn.cc:454] Loaded cuDNN version 8902
WARNING: All log messages before absl::InitializeLog() is called are written to STDERR
I0000 00:00:1723175527.349814  294917 device_compiler.h:186] Compiled cluster using XLA!  This line is logged at most once for the lifetime of the process.
Warning: epochs is deprecated and will be removed in a future version. Use iterations instead.
Training model...

Step      Train loss    Test loss     Test metric   
0         [9.19e-01]    [9.43e-01]    [1.26e+00]    
1000      [7.48e-02]    [7.65e-02]    [3.58e-01]    
2000      [1.69e-02]    [1.72e-02]    [1.85e-01]    
3000      [1.41e-02]    [1.44e-02]    [1.74e-01]    
4000      [1.38e-02]    [1.42e-02]    [1.73e-01]    
5000      [1.30e-02]    [1.34e-02]    [1.70e-01]    
6000      [1.15e-02]    [1.19e-02]    [1.66e-01]    
7000      [1.08e-02]    [1.12e-02]    [1.65e-01]    
8000      [1.21e-02]    [1.27e-02]    [1.76e-01]    
9000      [1.21e-02]    [1.27e-02]    [1.75e-01]    
10000     [1.04e-02]    [1.09e-02]    [1.64e-01]    
11000     [1.02e-02]    [1.07e-02]    [1.63e-01]    
12000     [9.94e-03]    [1.04e-02]    [1.60e-01]    
13000     [9.68e-03]    [1.02e-02]    [1.58e-01]    
14000     [1.01e-02]    [1.05e-02]    [1.61e-01]    
15000     [1.44e-02]    [1.49e-02]    [1.81e-01]    
16000     [9.19e-03]    [9.62e-03]    [1.53e-01]    
17000     [8.91e-03]    [9.33e-03]    [1.52e-01]    
18000     [8.75e-03]    [9.16e-03]    [1.50e-01]    
19000     [8.70e-03]    [9.08e-03]    [1.49e-01]    
20000     [9.32e-03]    [9.75e-03]    [1.53e-01]    
21000     [9.46e-03]    [9.86e-03]    [1.54e-01]    
22000     [7.95e-03]    [8.27e-03]    [1.43e-01]    
23000     [7.95e-03]    [8.27e-03]    [1.43e-01]    
24000     [7.78e-03]    [8.08e-03]    [1.42e-01]    
25000     [7.65e-03]    [7.92e-03]    [1.40e-01]    
26000     [7.68e-03]    [7.96e-03]    [1.40e-01]    
27000     [7.32e-03]    [7.56e-03]    [1.38e-01]    
28000     [7.22e-03]    [7.42e-03]    [1.36e-01]    
29000     [7.49e-03]    [7.73e-03]    [1.39e-01]    
30000     [7.15e-03]    [7.30e-03]    [1.35e-01]    
31000     [7.03e-03]    [7.18e-03]    [1.35e-01]    
32000     [6.84e-03]    [6.98e-03]    [1.33e-01]    
33000     [6.78e-03]    [6.93e-03]    [1.33e-01]    
34000     [6.68e-03]    [6.81e-03]    [1.32e-01]    
35000     [6.93e-03]    [7.03e-03]    [1.33e-01]    
36000     [6.80e-03]    [6.91e-03]    [1.33e-01]    
37000     [6.48e-03]    [6.57e-03]    [1.30e-01]    
38000     [6.41e-03]    [6.52e-03]    [1.30e-01]    
39000     [6.57e-03]    [6.68e-03]    [1.31e-01]    
40000     [6.35e-03]    [6.41e-03]    [1.29e-01]    
41000     [6.34e-03]    [6.38e-03]    [1.28e-01]    
42000     [6.59e-03]    [6.68e-03]    [1.31e-01]    
43000     [6.15e-03]    [6.20e-03]    [1.28e-01]    
44000     [6.15e-03]    [6.18e-03]    [1.27e-01]    
45000     [6.15e-03]    [6.18e-03]    [1.28e-01]    
46000     [6.06e-03]    [6.10e-03]    [1.27e-01]    
47000     [6.02e-03]    [6.06e-03]    [1.27e-01]    
48000     [6.14e-03]    [6.21e-03]    [1.28e-01]    
49000     [6.01e-03]    [6.03e-03]    [1.26e-01]    
50000     [5.98e-03]    [6.00e-03]    [1.26e-01]    

Best model at step 50000:
  train loss: 5.98e-03
  test loss: 6.00e-03
  test metric: [1.26e-01]

'train' took 3179.109320 s

Warning: epochs is deprecated and will be removed in a future version. Use iterations instead.
Training model...

Step      Train loss    Test loss     Test metric   
0         [6.02e-02]    [6.09e-02]    [1.00e+00]    
1000      [2.73e-02]    [2.78e-02]    [7.18e-01]    
2000      [2.20e-02]    [2.24e-02]    [6.69e-01]    
3000      [2.21e-02]    [2.25e-02]    [6.48e-01]    
4000      [2.05e-02]    [2.09e-02]    [6.25e-01]    
5000      [1.86e-02]    [1.90e-02]    [5.99e-01]    
6000      [1.70e-02]    [1.73e-02]    [5.81e-01]    
7000      [1.41e-02]    [1.44e-02]    [5.47e-01]    
8000      [1.29e-02]    [1.32e-02]    [5.22e-01]    
9000      [8.47e-03]    [8.74e-03]    [4.46e-01]    
10000     [7.32e-03]    [7.56e-03]    [4.16e-01]    
11000     [7.39e-03]    [7.63e-03]    [4.23e-01]    
12000     [7.33e-03]    [7.52e-03]    [4.04e-01]    
13000     [8.20e-03]    [8.40e-03]    [4.16e-01]    
14000     [5.23e-03]    [5.40e-03]    [3.58e-01]    
15000     [7.67e-03]    [7.84e-03]    [3.99e-01]    
16000     [4.06e-03]    [4.21e-03]    [3.27e-01]    
17000     [3.76e-03]    [3.90e-03]    [3.18e-01]    
18000     [3.49e-03]    [3.63e-03]    [3.09e-01]    
19000     [3.14e-03]    [3.27e-03]    [2.97e-01]    
20000     [2.96e-03]    [3.09e-03]    [2.91e-01]    
21000     [2.93e-03]    [3.07e-03]    [2.89e-01]    
22000     [3.06e-03]    [3.19e-03]    [2.90e-01]    
23000     [2.78e-03]    [2.90e-03]    [2.82e-01]    
24000     [2.69e-03]    [2.82e-03]    [2.81e-01]    
25000     [2.42e-03]    [2.54e-03]    [2.72e-01]    
26000     [3.50e-03]    [3.64e-03]    [3.02e-01]    
27000     [2.24e-03]    [2.36e-03]    [2.65e-01]    
28000     [2.49e-03]    [2.62e-03]    [2.74e-01]    
29000     [2.87e-03]    [2.99e-03]    [2.85e-01]    
30000     [2.11e-03]    [2.23e-03]    [2.60e-01]    
31000     [2.08e-03]    [2.20e-03]    [2.58e-01]    
32000     [2.43e-03]    [2.55e-03]    [2.70e-01]    
33000     [2.09e-03]    [2.22e-03]    [2.59e-01]    
34000     [2.21e-03]    [2.34e-03]    [2.62e-01]    
35000     [2.04e-03]    [2.16e-03]    [2.56e-01]    
36000     [2.03e-03]    [2.14e-03]    [2.54e-01]    
37000     [1.91e-03]    [2.02e-03]    [2.48e-01]    
38000     [1.87e-03]    [1.98e-03]    [2.46e-01]    
39000     [2.00e-03]    [2.10e-03]    [2.48e-01]    
40000     [2.05e-03]    [2.17e-03]    [2.52e-01]    
41000     [1.82e-03]    [1.93e-03]    [2.42e-01]    
42000     [2.11e-03]    [2.22e-03]    [2.55e-01]    
43000     [1.79e-03]    [1.89e-03]    [2.39e-01]    
44000     [1.98e-03]    [2.08e-03]    [2.45e-01]    
45000     [1.77e-03]    [1.88e-03]    [2.37e-01]    
46000     [1.79e-03]    [1.88e-03]    [2.37e-01]    
47000     [2.36e-03]    [2.46e-03]    [2.60e-01]    
48000     [1.76e-03]    [1.86e-03]    [2.35e-01]    
49000     [2.44e-03]    [2.55e-03]    [2.58e-01]    
50000     [1.68e-03]    [1.78e-03]    [2.30e-01]    

Best model at step 50000:
  train loss: 1.68e-03
  test loss: 1.78e-03
  test metric: [2.30e-01]

'train' took 3148.391569 s

2024-08-09 13:37:27.341405: W tensorflow/c/c_api.cc:305] Operation '{name:'Variable_2/Adam_1/Assign' id:659 op device:{requested: '', assigned: ''} def:{{{node Variable_2/Adam_1/Assign}} = Assign[T=DT_FLOAT, _class=["loc:@Variable_2"], _has_manual_control_dependencies=true, use_locking=true, validate_shape=true](Variable_2/Adam_1, Variable_2/Adam_1/Initializer/zeros)}}' was changed by setting attribute after it was run by a session. This mutation will have no effect, and will trigger an error in the future. Either don't modify nodes after running them or create a new session.
