2024-08-06 01:01:08.545823: I tensorflow/core/util/port.cc:113] oneDNN custom operations are on. You may see slightly different numerical results due to floating-point round-off errors from different computation orders. To turn them off, set the environment variable `TF_ENABLE_ONEDNN_OPTS=0`.
2024-08-06 01:01:09.042632: E external/local_xla/xla/stream_executor/cuda/cuda_dnn.cc:9261] Unable to register cuDNN factory: Attempting to register factory for plugin cuDNN when one has already been registered
2024-08-06 01:01:09.042699: E external/local_xla/xla/stream_executor/cuda/cuda_fft.cc:607] Unable to register cuFFT factory: Attempting to register factory for plugin cuFFT when one has already been registered
2024-08-06 01:01:09.044341: E external/local_xla/xla/stream_executor/cuda/cuda_blas.cc:1515] Unable to register cuBLAS factory: Attempting to register factory for plugin cuBLAS when one has already been registered
2024-08-06 01:01:09.141333: I tensorflow/core/platform/cpu_feature_guard.cc:182] This TensorFlow binary is optimized to use available CPU instructions in performance-critical operations.
To enable the following instructions: AVX2 AVX512F AVX512_VNNI AVX512_BF16 FMA, in other operations, rebuild TensorFlow with the appropriate compiler flags.
2024-08-06 01:01:18.348693: W tensorflow/compiler/tf2tensorrt/utils/py_utils.cc:38] TF-TRT Warning: Could not find TensorRT
Using backend: tensorflow.compat.v1
Other supported backends: tensorflow, pytorch, jax, paddle.
paddle supports more examples now and is recommended.
WARNING:tensorflow:From /home/liruixiang/.conda/envs/deeponet/lib/python3.9/site-packages/tensorflow/python/compat/v2_compat.py:108: disable_resource_variables (from tensorflow.python.ops.variable_scope) is deprecated and will be removed in a future version.
Instructions for updating:
non-resource variables are not supported in the long term
Enable just-in-time compilation with XLA.

/home/liruixiang/.conda/envs/deeponet/lib/python3.9/site-packages/deepxde/nn/tensorflow_compat_v1/deeponet.py:549: UserWarning: `tf.layers.dense` is deprecated and will be removed in a future version. Please use `tf.keras.layers.Dense` instead.
  y_func = tf.layers.dense(
/home/liruixiang/.conda/envs/deeponet/lib/python3.9/site-packages/deepxde/nn/tensorflow_compat_v1/deeponet.py:556: UserWarning: `tf.layers.dense` is deprecated and will be removed in a future version. Please use `tf.keras.layers.Dense` instead.
  y_func = tf.layers.dense(
/home/liruixiang/.conda/envs/deeponet/lib/python3.9/site-packages/deepxde/nn/tensorflow_compat_v1/deeponet.py:570: UserWarning: `tf.layers.dense` is deprecated and will be removed in a future version. Please use `tf.keras.layers.Dense` instead.
  y_loc = tf.layers.dense(
Compiling model...
Building DeepONetCartesianProd...
'build' took 0.400704 s

2024-08-06 01:01:36.239889: W tensorflow/core/common_runtime/gpu/gpu_bfc_allocator.cc:47] Overriding orig_value setting because the TF_FORCE_GPU_ALLOW_GROWTH environment variable is set. Original config value was 0.
2024-08-06 01:01:36.240472: I tensorflow/core/common_runtime/gpu/gpu_device.cc:1929] Created device /job:localhost/replica:0/task:0/device:GPU:0 with 16936 MB memory:  -> device: 0, name: NVIDIA GeForce RTX 3090, pci bus id: 0000:02:00.0, compute capability: 8.6
'compile' took 3.500520 s

Compiling model...
Building DeepONetCartesianProd...
'build' took 0.592310 s

2024-08-06 01:01:38.445378: I tensorflow/core/common_runtime/gpu/gpu_device.cc:1929] Created device /job:localhost/replica:0/task:0/device:GPU:0 with 16936 MB memory:  -> device: 0, name: NVIDIA GeForce RTX 3090, pci bus id: 0000:02:00.0, compute capability: 8.6
'compile' took 2.193698 s

2024-08-06 01:01:40.140839: I tensorflow/compiler/mlir/mlir_graph_optimization_pass.cc:388] MLIR V1 optimization pass is not enabled
2024-08-06 01:01:42.146684: I external/local_xla/xla/service/service.cc:168] XLA service 0x7f4084005550 initialized for platform CUDA (this does not guarantee that XLA will be used). Devices:
2024-08-06 01:01:42.146754: I external/local_xla/xla/service/service.cc:176]   StreamExecutor device (0): NVIDIA GeForce RTX 3090, Compute Capability 8.6
2024-08-06 01:01:42.241633: I tensorflow/compiler/mlir/tensorflow/utils/dump_mlir_util.cc:269] disabling MLIR crash reproducer, set env var `MLIR_CRASH_REPRODUCER_DIRECTORY` to enable.
2024-08-06 01:01:42.843404: I external/local_xla/xla/stream_executor/cuda/cuda_dnn.cc:454] Loaded cuDNN version 8902
WARNING: All log messages before absl::InitializeLog() is called are written to STDERR
I0000 00:00:1722877307.846718  147437 device_compiler.h:186] Compiled cluster using XLA!  This line is logged at most once for the lifetime of the process.
Warning: epochs is deprecated and will be removed in a future version. Use iterations instead.
Training model...

Step      Train loss    Test loss     Test metric   
0         [7.75e-01]    [7.94e-01]    [9.96e-01]    
1000      [1.23e-01]    [1.30e-01]    [4.75e-01]    
2000      [8.45e-02]    [9.07e-02]    [4.13e-01]    
3000      [8.34e-02]    [8.95e-02]    [4.08e-01]    
4000      [7.54e-02]    [8.11e-02]    [3.83e-01]    
5000      [7.12e-02]    [7.51e-02]    [3.67e-01]    
6000      [6.23e-02]    [6.51e-02]    [3.47e-01]    
7000      [5.57e-02]    [5.79e-02]    [3.34e-01]    
8000      [4.79e-02]    [5.01e-02]    [3.12e-01]    
9000      [4.28e-02]    [4.52e-02]    [2.96e-01]    
10000     [3.98e-02]    [4.22e-02]    [2.86e-01]    
11000     [4.02e-02]    [4.27e-02]    [2.85e-01]    
12000     [3.61e-02]    [3.87e-02]    [2.71e-01]    
13000     [3.45e-02]    [3.72e-02]    [2.62e-01]    
14000     [3.17e-02]    [3.42e-02]    [2.49e-01]    
15000     [3.11e-02]    [3.33e-02]    [2.45e-01]    
16000     [3.65e-02]    [3.86e-02]    [2.55e-01]    
17000     [2.81e-02]    [2.99e-02]    [2.30e-01]    
18000     [2.74e-02]    [2.90e-02]    [2.25e-01]    
19000     [2.74e-02]    [2.89e-02]    [2.21e-01]    
20000     [2.90e-02]    [3.06e-02]    [2.24e-01]    
21000     [2.61e-02]    [2.74e-02]    [2.12e-01]    
22000     [2.49e-02]    [2.62e-02]    [2.06e-01]    
23000     [2.45e-02]    [2.57e-02]    [2.01e-01]    
24000     [2.39e-02]    [2.51e-02]    [1.97e-01]    
25000     [2.33e-02]    [2.45e-02]    [1.92e-01]    
26000     [2.30e-02]    [2.42e-02]    [1.88e-01]    
27000     [2.27e-02]    [2.39e-02]    [1.86e-01]    
28000     [2.26e-02]    [2.37e-02]    [1.84e-01]    
29000     [2.18e-02]    [2.29e-02]    [1.81e-01]    
30000     [2.64e-02]    [2.76e-02]    [1.95e-01]    
31000     [2.14e-02]    [2.25e-02]    [1.79e-01]    
32000     [2.12e-02]    [2.23e-02]    [1.78e-01]    
33000     [2.11e-02]    [2.21e-02]    [1.77e-01]    
34000     [2.09e-02]    [2.19e-02]    [1.76e-01]    
35000     [2.10e-02]    [2.20e-02]    [1.76e-01]    
36000     [2.19e-02]    [2.29e-02]    [1.80e-01]    
37000     [2.04e-02]    [2.14e-02]    [1.74e-01]    
38000     [2.02e-02]    [2.11e-02]    [1.73e-01]    
39000     [2.02e-02]    [2.11e-02]    [1.73e-01]    
40000     [1.99e-02]    [2.09e-02]    [1.72e-01]    
41000     [1.94e-02]    [2.03e-02]    [1.71e-01]    
42000     [1.94e-02]    [2.03e-02]    [1.70e-01]    
43000     [1.89e-02]    [1.97e-02]    [1.69e-01]    
44000     [1.86e-02]    [1.94e-02]    [1.67e-01]    
45000     [1.83e-02]    [1.91e-02]    [1.66e-01]    
46000     [1.82e-02]    [1.90e-02]    [1.65e-01]    
47000     [1.76e-02]    [1.85e-02]    [1.64e-01]    
48000     [1.73e-02]    [1.81e-02]    [1.63e-01]    
49000     [1.71e-02]    [1.79e-02]    [1.62e-01]    
50000     [1.68e-02]    [1.76e-02]    [1.61e-01]    
51000     [1.64e-02]    [1.72e-02]    [1.60e-01]    
52000     [1.62e-02]    [1.70e-02]    [1.59e-01]    
53000     [1.59e-02]    [1.66e-02]    [1.58e-01]    
54000     [1.58e-02]    [1.65e-02]    [1.57e-01]    
55000     [1.60e-02]    [1.68e-02]    [1.59e-01]    
56000     [1.52e-02]    [1.60e-02]    [1.56e-01]    
57000     [1.53e-02]    [1.62e-02]    [1.56e-01]    
58000     [1.50e-02]    [1.58e-02]    [1.55e-01]    
59000     [1.47e-02]    [1.55e-02]    [1.54e-01]    
60000     [1.47e-02]    [1.56e-02]    [1.54e-01]    
61000     [1.44e-02]    [1.53e-02]    [1.53e-01]    
62000     [1.43e-02]    [1.52e-02]    [1.53e-01]    
63000     [1.41e-02]    [1.50e-02]    [1.52e-01]    
64000     [1.40e-02]    [1.48e-02]    [1.52e-01]    
65000     [1.40e-02]    [1.49e-02]    [1.52e-01]    
66000     [1.39e-02]    [1.48e-02]    [1.52e-01]    
67000     [1.36e-02]    [1.45e-02]    [1.50e-01]    
68000     [1.34e-02]    [1.44e-02]    [1.50e-01]    
69000     [1.33e-02]    [1.43e-02]    [1.49e-01]    
70000     [1.32e-02]    [1.42e-02]    [1.49e-01]    
71000     [1.31e-02]    [1.41e-02]    [1.49e-01]    
72000     [1.30e-02]    [1.40e-02]    [1.49e-01]    
73000     [1.29e-02]    [1.40e-02]    [1.49e-01]    
74000     [1.28e-02]    [1.39e-02]    [1.48e-01]    
75000     [1.28e-02]    [1.38e-02]    [1.48e-01]    
76000     [1.28e-02]    [1.38e-02]    [1.48e-01]    
77000     [1.26e-02]    [1.36e-02]    [1.47e-01]    
78000     [1.26e-02]    [1.36e-02]    [1.47e-01]    
79000     [1.25e-02]    [1.35e-02]    [1.46e-01]    
80000     [1.24e-02]    [1.34e-02]    [1.46e-01]    
81000     [1.23e-02]    [1.34e-02]    [1.46e-01]    
82000     [1.22e-02]    [1.33e-02]    [1.45e-01]    
83000     [1.22e-02]    [1.33e-02]    [1.45e-01]    
84000     [1.21e-02]    [1.32e-02]    [1.45e-01]    
85000     [1.23e-02]    [1.34e-02]    [1.46e-01]    
86000     [1.20e-02]    [1.31e-02]    [1.45e-01]    
87000     [1.19e-02]    [1.30e-02]    [1.44e-01]    
88000     [1.19e-02]    [1.30e-02]    [1.44e-01]    
89000     [1.19e-02]    [1.30e-02]    [1.44e-01]    
90000     [1.18e-02]    [1.29e-02]    [1.44e-01]    
91000     [1.17e-02]    [1.29e-02]    [1.44e-01]    
92000     [1.19e-02]    [1.31e-02]    [1.45e-01]    
93000     [1.16e-02]    [1.28e-02]    [1.44e-01]    
94000     [1.16e-02]    [1.28e-02]    [1.44e-01]    
95000     [1.16e-02]    [1.27e-02]    [1.43e-01]    
96000     [1.14e-02]    [1.26e-02]    [1.43e-01]    
97000     [1.14e-02]    [1.26e-02]    [1.43e-01]    
98000     [1.15e-02]    [1.27e-02]    [1.43e-01]    
99000     [1.14e-02]    [1.25e-02]    [1.42e-01]    
100000    [1.13e-02]    [1.24e-02]    [1.42e-01]    
101000    [1.12e-02]    [1.24e-02]    [1.42e-01]    
102000    [1.13e-02]    [1.24e-02]    [1.42e-01]    
103000    [1.12e-02]    [1.23e-02]    [1.41e-01]    
104000    [1.11e-02]    [1.23e-02]    [1.41e-01]    
105000    [1.11e-02]    [1.22e-02]    [1.41e-01]    
106000    [1.10e-02]    [1.22e-02]    [1.41e-01]    
107000    [1.10e-02]    [1.21e-02]    [1.41e-01]    
108000    [1.09e-02]    [1.21e-02]    [1.40e-01]    
109000    [1.10e-02]    [1.22e-02]    [1.41e-01]    
110000    [1.09e-02]    [1.21e-02]    [1.40e-01]    
111000    [1.09e-02]    [1.21e-02]    [1.40e-01]    
112000    [1.08e-02]    [1.19e-02]    [1.39e-01]    
113000    [1.08e-02]    [1.19e-02]    [1.39e-01]    
114000    [1.07e-02]    [1.19e-02]    [1.39e-01]    
115000    [1.07e-02]    [1.18e-02]    [1.39e-01]    
116000    [1.07e-02]    [1.19e-02]    [1.39e-01]    
117000    [1.07e-02]    [1.18e-02]    [1.38e-01]    
118000    [1.06e-02]    [1.18e-02]    [1.38e-01]    
119000    [1.06e-02]    [1.17e-02]    [1.38e-01]    
120000    [1.05e-02]    [1.16e-02]    [1.38e-01]    
121000    [1.05e-02]    [1.16e-02]    [1.37e-01]    
122000    [1.04e-02]    [1.15e-02]    [1.37e-01]    
123000    [1.05e-02]    [1.16e-02]    [1.37e-01]    
124000    [1.06e-02]    [1.16e-02]    [1.37e-01]    
125000    [1.04e-02]    [1.15e-02]    [1.37e-01]    
126000    [1.04e-02]    [1.15e-02]    [1.37e-01]    
127000    [1.03e-02]    [1.14e-02]    [1.36e-01]    
128000    [1.03e-02]    [1.13e-02]    [1.36e-01]    
129000    [1.02e-02]    [1.13e-02]    [1.35e-01]    
130000    [1.02e-02]    [1.12e-02]    [1.35e-01]    
131000    [1.02e-02]    [1.12e-02]    [1.35e-01]    
132000    [1.05e-02]    [1.15e-02]    [1.36e-01]    
133000    [1.01e-02]    [1.11e-02]    [1.34e-01]    
134000    [1.01e-02]    [1.11e-02]    [1.34e-01]    
135000    [1.01e-02]    [1.10e-02]    [1.34e-01]    
136000    [1.00e-02]    [1.10e-02]    [1.34e-01]    
137000    [9.99e-03]    [1.09e-02]    [1.33e-01]    
138000    [9.99e-03]    [1.09e-02]    [1.33e-01]    
139000    [9.99e-03]    [1.09e-02]    [1.33e-01]    
140000    [9.87e-03]    [1.08e-02]    [1.33e-01]    
141000    [9.82e-03]    [1.07e-02]    [1.32e-01]    
142000    [9.72e-03]    [1.06e-02]    [1.32e-01]    
143000    [9.74e-03]    [1.06e-02]    [1.32e-01]    
144000    [9.73e-03]    [1.06e-02]    [1.32e-01]    
145000    [9.65e-03]    [1.05e-02]    [1.31e-01]    
146000    [9.60e-03]    [1.04e-02]    [1.31e-01]    
147000    [9.63e-03]    [1.04e-02]    [1.31e-01]    
148000    [9.59e-03]    [1.04e-02]    [1.31e-01]    
149000    [9.51e-03]    [1.03e-02]    [1.30e-01]    
150000    [9.53e-03]    [1.03e-02]    [1.30e-01]    
151000    [9.51e-03]    [1.03e-02]    [1.30e-01]    
152000    [9.41e-03]    [1.02e-02]    [1.29e-01]    
153000    [9.36e-03]    [1.01e-02]    [1.29e-01]    
154000    [9.32e-03]    [1.01e-02]    [1.29e-01]    
155000    [9.30e-03]    [1.00e-02]    [1.29e-01]    
156000    [9.27e-03]    [1.00e-02]    [1.29e-01]    
157000    [9.29e-03]    [1.00e-02]    [1.28e-01]    
158000    [9.18e-03]    [9.91e-03]    [1.28e-01]    
159000    [9.19e-03]    [9.91e-03]    [1.28e-01]    
160000    [9.13e-03]    [9.84e-03]    [1.27e-01]    
161000    [9.12e-03]    [9.84e-03]    [1.27e-01]    
162000    [9.12e-03]    [9.83e-03]    [1.27e-01]    
163000    [9.04e-03]    [9.72e-03]    [1.27e-01]    
164000    [9.01e-03]    [9.69e-03]    [1.27e-01]    
165000    [9.04e-03]    [9.72e-03]    [1.27e-01]    
166000    [8.97e-03]    [9.64e-03]    [1.26e-01]    
167000    [8.97e-03]    [9.63e-03]    [1.26e-01]    
168000    [8.95e-03]    [9.60e-03]    [1.26e-01]    
169000    [8.93e-03]    [9.58e-03]    [1.26e-01]    
170000    [8.91e-03]    [9.54e-03]    [1.26e-01]    
171000    [8.89e-03]    [9.53e-03]    [1.26e-01]    
172000    [8.82e-03]    [9.45e-03]    [1.25e-01]    
173000    [8.80e-03]    [9.41e-03]    [1.25e-01]    
174000    [8.78e-03]    [9.40e-03]    [1.25e-01]    
175000    [8.75e-03]    [9.36e-03]    [1.25e-01]    
176000    [8.76e-03]    [9.36e-03]    [1.25e-01]    
177000    [8.81e-03]    [9.40e-03]    [1.25e-01]    
178000    [8.71e-03]    [9.31e-03]    [1.24e-01]    
179000    [8.68e-03]    [9.26e-03]    [1.24e-01]    
180000    [8.64e-03]    [9.22e-03]    [1.24e-01]    
181000    [8.63e-03]    [9.20e-03]    [1.24e-01]    
182000    [8.61e-03]    [9.18e-03]    [1.24e-01]    
183000    [8.60e-03]    [9.17e-03]    [1.24e-01]    
184000    [8.65e-03]    [9.20e-03]    [1.24e-01]    
185000    [8.55e-03]    [9.10e-03]    [1.23e-01]    
186000    [8.60e-03]    [9.15e-03]    [1.23e-01]    
187000    [8.51e-03]    [9.06e-03]    [1.23e-01]    
188000    [8.49e-03]    [9.03e-03]    [1.23e-01]    
189000    [8.46e-03]    [9.01e-03]    [1.23e-01]    
190000    [8.50e-03]    [9.04e-03]    [1.23e-01]    
191000    [8.41e-03]    [8.95e-03]    [1.22e-01]    
192000    [8.40e-03]    [8.94e-03]    [1.22e-01]    
193000    [8.42e-03]    [8.95e-03]    [1.22e-01]    
194000    [8.37e-03]    [8.91e-03]    [1.22e-01]    
195000    [8.38e-03]    [8.91e-03]    [1.22e-01]    
196000    [8.34e-03]    [8.88e-03]    [1.22e-01]    
197000    [8.29e-03]    [8.81e-03]    [1.22e-01]    
198000    [8.28e-03]    [8.81e-03]    [1.22e-01]    
199000    [8.28e-03]    [8.80e-03]    [1.21e-01]    
200000    [8.24e-03]    [8.76e-03]    [1.21e-01]    
201000    [8.23e-03]    [8.74e-03]    [1.21e-01]    
202000    [8.19e-03]    [8.70e-03]    [1.21e-01]    
203000    [8.18e-03]    [8.67e-03]    [1.21e-01]    
204000    [8.15e-03]    [8.65e-03]    [1.21e-01]    
205000    [8.14e-03]    [8.65e-03]    [1.21e-01]    
206000    [8.13e-03]    [8.63e-03]    [1.20e-01]    
207000    [8.14e-03]    [8.63e-03]    [1.20e-01]    
208000    [8.07e-03]    [8.55e-03]    [1.20e-01]    
209000    [8.07e-03]    [8.54e-03]    [1.20e-01]    
210000    [8.04e-03]    [8.51e-03]    [1.20e-01]    
211000    [8.03e-03]    [8.50e-03]    [1.20e-01]    
212000    [8.06e-03]    [8.52e-03]    [1.20e-01]    
213000    [8.00e-03]    [8.46e-03]    [1.20e-01]    
214000    [7.97e-03]    [8.41e-03]    [1.19e-01]    
215000    [7.95e-03]    [8.40e-03]    [1.19e-01]    
216000    [7.94e-03]    [8.38e-03]    [1.19e-01]    
217000    [7.93e-03]    [8.37e-03]    [1.19e-01]    
218000    [7.88e-03]    [8.32e-03]    [1.19e-01]    
219000    [7.87e-03]    [8.30e-03]    [1.19e-01]    
220000    [7.85e-03]    [8.28e-03]    [1.18e-01]    
221000    [7.85e-03]    [8.28e-03]    [1.18e-01]    
222000    [7.82e-03]    [8.24e-03]    [1.18e-01]    
223000    [7.81e-03]    [8.22e-03]    [1.18e-01]    
224000    [7.78e-03]    [8.19e-03]    [1.18e-01]    
225000    [7.91e-03]    [8.32e-03]    [1.19e-01]    
226000    [7.74e-03]    [8.14e-03]    [1.18e-01]    
227000    [7.74e-03]    [8.13e-03]    [1.18e-01]    
228000    [7.78e-03]    [8.18e-03]    [1.18e-01]    
229000    [7.71e-03]    [8.10e-03]    [1.17e-01]    
230000    [7.70e-03]    [8.09e-03]    [1.17e-01]    
231000    [7.67e-03]    [8.05e-03]    [1.17e-01]    
232000    [7.71e-03]    [8.10e-03]    [1.17e-01]    
233000    [7.67e-03]    [8.05e-03]    [1.17e-01]    
234000    [7.62e-03]    [8.00e-03]    [1.17e-01]    
235000    [7.67e-03]    [8.04e-03]    [1.17e-01]    
236000    [7.60e-03]    [7.96e-03]    [1.17e-01]    
237000    [7.58e-03]    [7.95e-03]    [1.17e-01]    
238000    [7.63e-03]    [7.99e-03]    [1.17e-01]    
239000    [7.55e-03]    [7.91e-03]    [1.16e-01]    
240000    [7.56e-03]    [7.92e-03]    [1.16e-01]    
241000    [7.51e-03]    [7.87e-03]    [1.16e-01]    
242000    [7.50e-03]    [7.85e-03]    [1.16e-01]    
243000    [7.56e-03]    [7.90e-03]    [1.16e-01]    
244000    [7.47e-03]    [7.82e-03]    [1.16e-01]    
245000    [7.47e-03]    [7.81e-03]    [1.16e-01]    
246000    [7.46e-03]    [7.80e-03]    [1.16e-01]    
247000    [7.42e-03]    [7.76e-03]    [1.15e-01]    
248000    [7.45e-03]    [7.78e-03]    [1.16e-01]    
249000    [7.44e-03]    [7.76e-03]    [1.15e-01]    
250000    [7.40e-03]    [7.74e-03]    [1.15e-01]    

Best model at step 250000:
  train loss: 7.40e-03
  test loss: 7.74e-03
  test metric: [1.15e-01]

'train' took 23112.804124 s

Warning: epochs is deprecated and will be removed in a future version. Use iterations instead.
Training model...

Step      Train loss    Test loss     Test metric   
0         [4.04e-01]    [4.13e-01]    [1.11e+00]    
1000      [8.46e-02]    [8.93e-02]    [6.33e-01]    
2000      [1.01e-01]    [1.07e-01]    [6.78e-01]    
3000      [6.20e-02]    [6.63e-02]    [5.67e-01]    
4000      [5.27e-02]    [5.68e-02]    [5.44e-01]    
5000      [8.09e-02]    [8.59e-02]    [6.38e-01]    
6000      [4.69e-02]    [5.03e-02]    [5.23e-01]    
7000      [4.91e-02]    [5.26e-02]    [5.35e-01]    
8000      [4.89e-02]    [5.21e-02]    [5.36e-01]    
9000      [4.26e-02]    [4.52e-02]    [5.05e-01]    
10000     [4.23e-02]    [4.48e-02]    [4.98e-01]    
11000     [4.01e-02]    [4.24e-02]    [4.81e-01]    
12000     [4.04e-02]    [4.26e-02]    [4.75e-01]    
13000     [3.72e-02]    [3.92e-02]    [4.51e-01]    
14000     [4.14e-02]    [4.36e-02]    [4.57e-01]    
15000     [3.54e-02]    [3.75e-02]    [4.27e-01]    
16000     [3.40e-02]    [3.60e-02]    [4.16e-01]    
17000     [3.20e-02]    [3.40e-02]    [4.03e-01]    
18000     [3.14e-02]    [3.33e-02]    [4.00e-01]    
19000     [3.08e-02]    [3.26e-02]    [3.96e-01]    
20000     [2.93e-02]    [3.10e-02]    [3.90e-01]    
21000     [2.85e-02]    [3.01e-02]    [3.87e-01]    
22000     [2.81e-02]    [2.97e-02]    [3.86e-01]    
23000     [2.74e-02]    [2.90e-02]    [3.83e-01]    
24000     [2.71e-02]    [2.87e-02]    [3.81e-01]    
25000     [2.67e-02]    [2.82e-02]    [3.79e-01]    
26000     [2.79e-02]    [2.93e-02]    [3.84e-01]    
27000     [2.63e-02]    [2.75e-02]    [3.76e-01]    
28000     [2.60e-02]    [2.71e-02]    [3.76e-01]    
29000     [2.54e-02]    [2.65e-02]    [3.73e-01]    
30000     [2.49e-02]    [2.60e-02]    [3.71e-01]    
31000     [2.45e-02]    [2.56e-02]    [3.70e-01]    
32000     [2.47e-02]    [2.57e-02]    [3.70e-01]    
33000     [2.38e-02]    [2.47e-02]    [3.65e-01]    
34000     [2.34e-02]    [2.42e-02]    [3.62e-01]    
35000     [2.31e-02]    [2.39e-02]    [3.60e-01]    
36000     [2.29e-02]    [2.36e-02]    [3.58e-01]    
37000     [2.22e-02]    [2.29e-02]    [3.54e-01]    
38000     [2.19e-02]    [2.25e-02]    [3.50e-01]    
39000     [2.16e-02]    [2.22e-02]    [3.47e-01]    
40000     [2.16e-02]    [2.22e-02]    [3.46e-01]    
41000     [2.13e-02]    [2.18e-02]    [3.42e-01]    
42000     [2.08e-02]    [2.13e-02]    [3.38e-01]    
43000     [2.08e-02]    [2.13e-02]    [3.37e-01]    
44000     [2.02e-02]    [2.07e-02]    [3.33e-01]    
45000     [2.03e-02]    [2.08e-02]    [3.33e-01]    
46000     [2.05e-02]    [2.10e-02]    [3.33e-01]    
47000     [1.97e-02]    [2.01e-02]    [3.28e-01]    
48000     [1.97e-02]    [2.01e-02]    [3.27e-01]    
49000     [1.95e-02]    [1.99e-02]    [3.24e-01]    
50000     [1.94e-02]    [1.98e-02]    [3.23e-01]    
51000     [1.97e-02]    [2.00e-02]    [3.24e-01]    
52000     [1.91e-02]    [1.95e-02]    [3.20e-01]    
53000     [1.91e-02]    [1.95e-02]    [3.20e-01]    
54000     [1.88e-02]    [1.91e-02]    [3.17e-01]    
55000     [1.87e-02]    [1.90e-02]    [3.16e-01]    
56000     [1.86e-02]    [1.89e-02]    [3.15e-01]    
57000     [1.84e-02]    [1.87e-02]    [3.13e-01]    
58000     [1.85e-02]    [1.88e-02]    [3.13e-01]    
59000     [1.84e-02]    [1.87e-02]    [3.11e-01]    
60000     [1.83e-02]    [1.85e-02]    [3.10e-01]    
61000     [1.82e-02]    [1.84e-02]    [3.09e-01]    
62000     [1.80e-02]    [1.82e-02]    [3.07e-01]    
63000     [1.81e-02]    [1.83e-02]    [3.08e-01]    
64000     [1.79e-02]    [1.81e-02]    [3.06e-01]    
65000     [1.79e-02]    [1.81e-02]    [3.06e-01]    
66000     [1.76e-02]    [1.78e-02]    [3.04e-01]    
67000     [1.75e-02]    [1.77e-02]    [3.03e-01]    
68000     [1.75e-02]    [1.76e-02]    [3.03e-01]    
69000     [1.77e-02]    [1.78e-02]    [3.04e-01]    
70000     [1.75e-02]    [1.76e-02]    [3.02e-01]    
71000     [1.74e-02]    [1.75e-02]    [3.01e-01]    
72000     [1.72e-02]    [1.73e-02]    [3.00e-01]    
73000     [1.71e-02]    [1.72e-02]    [2.99e-01]    
74000     [1.70e-02]    [1.71e-02]    [2.98e-01]    
75000     [1.70e-02]    [1.70e-02]    [2.97e-01]    
76000     [1.70e-02]    [1.71e-02]    [2.97e-01]    
77000     [1.70e-02]    [1.70e-02]    [2.96e-01]    
78000     [1.70e-02]    [1.71e-02]    [2.97e-01]    
79000     [1.67e-02]    [1.67e-02]    [2.94e-01]    
80000     [1.67e-02]    [1.68e-02]    [2.94e-01]    
81000     [1.66e-02]    [1.66e-02]    [2.93e-01]    
82000     [1.66e-02]    [1.66e-02]    [2.93e-01]    
83000     [1.65e-02]    [1.65e-02]    [2.92e-01]    
84000     [1.64e-02]    [1.64e-02]    [2.90e-01]    
85000     [1.64e-02]    [1.65e-02]    [2.91e-01]    
86000     [1.63e-02]    [1.63e-02]    [2.90e-01]    
87000     [1.62e-02]    [1.62e-02]    [2.89e-01]    
88000     [1.62e-02]    [1.62e-02]    [2.89e-01]    
89000     [1.62e-02]    [1.63e-02]    [2.89e-01]    
90000     [1.60e-02]    [1.60e-02]    [2.87e-01]    
91000     [1.60e-02]    [1.60e-02]    [2.87e-01]    
92000     [1.59e-02]    [1.59e-02]    [2.86e-01]    
93000     [1.61e-02]    [1.61e-02]    [2.87e-01]    
94000     [1.58e-02]    [1.58e-02]    [2.84e-01]    
95000     [1.59e-02]    [1.58e-02]    [2.85e-01]    
96000     [1.57e-02]    [1.57e-02]    [2.83e-01]    
97000     [1.57e-02]    [1.57e-02]    [2.83e-01]    
98000     [1.56e-02]    [1.56e-02]    [2.83e-01]    
99000     [1.56e-02]    [1.56e-02]    [2.82e-01]    
100000    [1.55e-02]    [1.55e-02]    [2.81e-01]    
101000    [1.57e-02]    [1.57e-02]    [2.83e-01]    
102000    [1.54e-02]    [1.54e-02]    [2.80e-01]    
103000    [1.55e-02]    [1.54e-02]    [2.80e-01]    
104000    [1.54e-02]    [1.53e-02]    [2.79e-01]    
105000    [1.53e-02]    [1.53e-02]    [2.79e-01]    
106000    [1.53e-02]    [1.52e-02]    [2.78e-01]    
107000    [1.52e-02]    [1.52e-02]    [2.78e-01]    
108000    [1.52e-02]    [1.52e-02]    [2.77e-01]    
109000    [1.53e-02]    [1.53e-02]    [2.78e-01]    
110000    [1.53e-02]    [1.53e-02]    [2.78e-01]    
111000    [1.51e-02]    [1.50e-02]    [2.76e-01]    
112000    [1.51e-02]    [1.50e-02]    [2.75e-01]    
113000    [1.51e-02]    [1.50e-02]    [2.75e-01]    
114000    [1.50e-02]    [1.49e-02]    [2.75e-01]    
115000    [1.51e-02]    [1.50e-02]    [2.75e-01]    
116000    [1.49e-02]    [1.48e-02]    [2.73e-01]    
117000    [1.51e-02]    [1.50e-02]    [2.74e-01]    
118000    [1.48e-02]    [1.48e-02]    [2.73e-01]    
119000    [1.48e-02]    [1.47e-02]    [2.73e-01]    
120000    [1.49e-02]    [1.48e-02]    [2.73e-01]    
121000    [1.47e-02]    [1.47e-02]    [2.73e-01]    
122000    [1.47e-02]    [1.46e-02]    [2.72e-01]    
123000    [1.47e-02]    [1.47e-02]    [2.72e-01]    
124000    [1.47e-02]    [1.46e-02]    [2.72e-01]    
125000    [1.47e-02]    [1.47e-02]    [2.72e-01]    
126000    [1.45e-02]    [1.45e-02]    [2.71e-01]    
127000    [1.45e-02]    [1.45e-02]    [2.70e-01]    
128000    [1.45e-02]    [1.44e-02]    [2.70e-01]    
129000    [1.44e-02]    [1.45e-02]    [2.70e-01]    
130000    [1.44e-02]    [1.44e-02]    [2.70e-01]    
131000    [1.44e-02]    [1.44e-02]    [2.70e-01]    
132000    [1.43e-02]    [1.44e-02]    [2.69e-01]    
133000    [1.42e-02]    [1.43e-02]    [2.69e-01]    
134000    [1.44e-02]    [1.45e-02]    [2.70e-01]    
135000    [1.42e-02]    [1.43e-02]    [2.68e-01]    
136000    [1.41e-02]    [1.42e-02]    [2.68e-01]    
137000    [1.41e-02]    [1.42e-02]    [2.68e-01]    
138000    [1.41e-02]    [1.42e-02]    [2.67e-01]    
139000    [1.40e-02]    [1.42e-02]    [2.67e-01]    
140000    [1.41e-02]    [1.42e-02]    [2.67e-01]    
141000    [1.40e-02]    [1.41e-02]    [2.66e-01]    
142000    [1.40e-02]    [1.41e-02]    [2.66e-01]    
143000    [1.39e-02]    [1.41e-02]    [2.66e-01]    
144000    [1.38e-02]    [1.40e-02]    [2.65e-01]    
145000    [1.38e-02]    [1.40e-02]    [2.65e-01]    
146000    [1.38e-02]    [1.40e-02]    [2.64e-01]    
147000    [1.38e-02]    [1.39e-02]    [2.64e-01]    
148000    [1.37e-02]    [1.39e-02]    [2.63e-01]    
149000    [1.38e-02]    [1.40e-02]    [2.64e-01]    
150000    [1.37e-02]    [1.39e-02]    [2.64e-01]    
151000    [1.36e-02]    [1.38e-02]    [2.63e-01]    
152000    [1.35e-02]    [1.38e-02]    [2.62e-01]    
153000    [1.35e-02]    [1.37e-02]    [2.62e-01]    
154000    [1.36e-02]    [1.38e-02]    [2.63e-01]    
155000    [1.35e-02]    [1.37e-02]    [2.62e-01]    
156000    [1.34e-02]    [1.36e-02]    [2.61e-01]    
157000    [1.34e-02]    [1.37e-02]    [2.61e-01]    
158000    [1.33e-02]    [1.36e-02]    [2.60e-01]    
159000    [1.34e-02]    [1.37e-02]    [2.61e-01]    
160000    [1.33e-02]    [1.36e-02]    [2.60e-01]    
161000    [1.32e-02]    [1.35e-02]    [2.59e-01]    
162000    [1.32e-02]    [1.35e-02]    [2.59e-01]    
163000    [1.32e-02]    [1.34e-02]    [2.59e-01]    
164000    [1.31e-02]    [1.34e-02]    [2.58e-01]    
165000    [1.31e-02]    [1.34e-02]    [2.59e-01]    
166000    [1.31e-02]    [1.34e-02]    [2.58e-01]    
167000    [1.30e-02]    [1.33e-02]    [2.58e-01]    
168000    [1.30e-02]    [1.34e-02]    [2.58e-01]    
169000    [1.29e-02]    [1.33e-02]    [2.57e-01]    
170000    [1.29e-02]    [1.33e-02]    [2.57e-01]    
171000    [1.29e-02]    [1.33e-02]    [2.57e-01]    
172000    [1.28e-02]    [1.32e-02]    [2.57e-01]    
173000    [1.28e-02]    [1.31e-02]    [2.56e-01]    
174000    [1.27e-02]    [1.31e-02]    [2.56e-01]    
175000    [1.27e-02]    [1.31e-02]    [2.55e-01]    
176000    [1.27e-02]    [1.31e-02]    [2.55e-01]    
177000    [1.26e-02]    [1.30e-02]    [2.55e-01]    
178000    [1.26e-02]    [1.30e-02]    [2.55e-01]    
179000    [1.26e-02]    [1.30e-02]    [2.54e-01]    
180000    [1.25e-02]    [1.29e-02]    [2.54e-01]    
181000    [1.25e-02]    [1.29e-02]    [2.53e-01]    
182000    [1.24e-02]    [1.28e-02]    [2.53e-01]    
183000    [1.24e-02]    [1.28e-02]    [2.53e-01]    
184000    [1.23e-02]    [1.28e-02]    [2.52e-01]    
185000    [1.23e-02]    [1.27e-02]    [2.52e-01]    
186000    [1.22e-02]    [1.27e-02]    [2.51e-01]    
187000    [1.22e-02]    [1.27e-02]    [2.51e-01]    
188000    [1.22e-02]    [1.26e-02]    [2.50e-01]    
189000    [1.21e-02]    [1.26e-02]    [2.50e-01]    
190000    [1.20e-02]    [1.25e-02]    [2.49e-01]    
191000    [1.21e-02]    [1.26e-02]    [2.50e-01]    
192000    [1.19e-02]    [1.25e-02]    [2.49e-01]    
193000    [1.19e-02]    [1.25e-02]    [2.49e-01]    
194000    [1.18e-02]    [1.24e-02]    [2.48e-01]    
195000    [1.18e-02]    [1.23e-02]    [2.48e-01]    
196000    [1.17e-02]    [1.23e-02]    [2.47e-01]    
197000    [1.17e-02]    [1.23e-02]    [2.47e-01]    
198000    [1.17e-02]    [1.22e-02]    [2.47e-01]    
199000    [1.17e-02]    [1.23e-02]    [2.47e-01]    
200000    [1.16e-02]    [1.21e-02]    [2.46e-01]    
201000    [1.15e-02]    [1.21e-02]    [2.46e-01]    
202000    [1.15e-02]    [1.20e-02]    [2.46e-01]    
203000    [1.14e-02]    [1.20e-02]    [2.46e-01]    
204000    [1.14e-02]    [1.20e-02]    [2.46e-01]    
205000    [1.13e-02]    [1.19e-02]    [2.45e-01]    
206000    [1.12e-02]    [1.18e-02]    [2.45e-01]    
207000    [1.12e-02]    [1.18e-02]    [2.45e-01]    
208000    [1.11e-02]    [1.17e-02]    [2.44e-01]    
209000    [1.11e-02]    [1.17e-02]    [2.45e-01]    
210000    [1.10e-02]    [1.16e-02]    [2.44e-01]    
211000    [1.10e-02]    [1.16e-02]    [2.44e-01]    
212000    [1.09e-02]    [1.15e-02]    [2.43e-01]    
213000    [1.09e-02]    [1.15e-02]    [2.43e-01]    
214000    [1.08e-02]    [1.14e-02]    [2.42e-01]    
215000    [1.08e-02]    [1.14e-02]    [2.42e-01]    
216000    [1.08e-02]    [1.13e-02]    [2.42e-01]    
217000    [1.07e-02]    [1.13e-02]    [2.41e-01]    
218000    [1.06e-02]    [1.12e-02]    [2.41e-01]    
219000    [1.06e-02]    [1.12e-02]    [2.41e-01]    
220000    [1.05e-02]    [1.11e-02]    [2.40e-01]    
221000    [1.05e-02]    [1.11e-02]    [2.40e-01]    
222000    [1.04e-02]    [1.10e-02]    [2.40e-01]    
223000    [1.04e-02]    [1.09e-02]    [2.39e-01]    
224000    [1.04e-02]    [1.09e-02]    [2.39e-01]    
225000    [1.03e-02]    [1.09e-02]    [2.39e-01]    
226000    [1.03e-02]    [1.08e-02]    [2.39e-01]    
227000    [1.02e-02]    [1.08e-02]    [2.38e-01]    
228000    [1.02e-02]    [1.07e-02]    [2.38e-01]    
229000    [1.01e-02]    [1.07e-02]    [2.38e-01]    
230000    [1.01e-02]    [1.06e-02]    [2.37e-01]    
231000    [1.00e-02]    [1.05e-02]    [2.37e-01]    
232000    [1.00e-02]    [1.05e-02]    [2.37e-01]    
233000    [1.00e-02]    [1.05e-02]    [2.37e-01]    
234000    [9.95e-03]    [1.04e-02]    [2.36e-01]    
235000    [9.93e-03]    [1.04e-02]    [2.36e-01]    
236000    [9.88e-03]    [1.04e-02]    [2.36e-01]    
237000    [9.81e-03]    [1.03e-02]    [2.35e-01]    
238000    [9.79e-03]    [1.03e-02]    [2.35e-01]    
239000    [9.76e-03]    [1.02e-02]    [2.35e-01]    
240000    [9.71e-03]    [1.02e-02]    [2.35e-01]    
241000    [9.68e-03]    [1.02e-02]    [2.35e-01]    
242000    [9.65e-03]    [1.01e-02]    [2.34e-01]    
243000    [9.64e-03]    [1.01e-02]    [2.34e-01]    
244000    [9.59e-03]    [1.01e-02]    [2.34e-01]    
245000    [9.56e-03]    [1.00e-02]    [2.34e-01]    
246000    [9.54e-03]    [1.00e-02]    [2.34e-01]    
247000    [9.50e-03]    [9.95e-03]    [2.34e-01]    
248000    [9.46e-03]    [9.91e-03]    [2.34e-01]    
249000    [9.45e-03]    [9.90e-03]    [2.33e-01]    
250000    [9.41e-03]    [9.85e-03]    [2.33e-01]    

Best model at step 250000:
  train loss: 9.41e-03
  test loss: 9.85e-03
  test metric: [2.33e-01]

'train' took 18322.095932 s

2024-08-06 12:32:14.944117: W tensorflow/c/c_api.cc:305] Operation '{name:'Variable_2/Adam_1/Assign' id:659 op device:{requested: '', assigned: ''} def:{{{node Variable_2/Adam_1/Assign}} = Assign[T=DT_FLOAT, _class=["loc:@Variable_2"], _has_manual_control_dependencies=true, use_locking=true, validate_shape=true](Variable_2/Adam_1, Variable_2/Adam_1/Initializer/zeros)}}' was changed by setting attribute after it was run by a session. This mutation will have no effect, and will trigger an error in the future. Either don't modify nodes after running them or create a new session.
